#
# There is insufficient memory for the Java Runtime Environment to continue.
# Native memory allocation (mmap) failed to map 65536 bytes. Error detail: Failed to commit metaspace.
# Possible reasons:
#   The system is out of physical RAM or swap space
#   This process is running with CompressedOops enabled, and the Java Heap may be blocking the growth of the native heap
# Possible solutions:
#   Reduce memory load on the system
#   Increase physical memory or swap space
#   Check if swap backing store is full
#   Decrease Java heap size (-Xmx/-Xms)
#   Decrease number of Java threads
#   Decrease Java thread stack sizes (-Xss)
#   Set larger code cache with -XX:ReservedCodeCacheSize=
#   JVM is running with Unscaled Compressed Oops mode in which the Java heap is
#     placed in the first 4GB address space. The Java Heap base address is the
#     maximum limit for the native heap growth. Please use -XX:HeapBaseMinAddress
#     to set the Java Heap base and to place the Java Heap above 4GB virtual address.
# This output file may be truncated or incomplete.
#
#  Out of Memory Error (virtualSpaceNode.cpp:112), pid=11504, tid=12852
#
# JRE version: OpenJDK Runtime Environment JBR-21.0.3+13-509.4-jcef (21.0.3+13) (build 21.0.3+13-b509.4)
# Java VM: OpenJDK 64-Bit Server VM JBR-21.0.3+13-509.4-jcef (21.0.3+13-b509.4, mixed mode, tiered, compressed oops, compressed class ptrs, g1 gc, windows-amd64)
# No core dump will be written. Minidumps are not enabled by default on client versions of Windows
#

---------------  S U M M A R Y ------------

Command Line: git4idea.http.GitAskPassApp Password for 'https://rabiagucluer@github.com': 

Host: Intel(R) Core(TM) i7-7700HQ CPU @ 2.80GHz, 8 cores, 7G,  Windows 10 , 64 bit Build 19041 (10.0.19041.4842)
Time: Fri Sep 13 21:27:44 2024 Central Europe Summer Time elapsed time: 0.760096 seconds (0d 0h 0m 0s)

---------------  T H R E A D  ---------------

Current thread (0x00000211e593fe40):  JavaThread "main"             [_thread_in_vm, id=12852, stack(0x000000bb23d00000,0x000000bb23e00000) (1024K)]

Stack: [0x000000bb23d00000,0x000000bb23e00000]
Native frames: (J=compiled Java code, j=interpreted, Vv=VM code, C=native code)
V  [jvm.dll+0x6e02e9]
V  [jvm.dll+0x8bd373]
V  [jvm.dll+0x8bf8ce]
V  [jvm.dll+0x8bffb3]
V  [jvm.dll+0x2879b6]
V  [jvm.dll+0x8b81be]
V  [jvm.dll+0x681995]
V  [jvm.dll+0x1ea521]
V  [jvm.dll+0x1ea2ee]
V  [jvm.dll+0x6842a8]
V  [jvm.dll+0x6840e2]
V  [jvm.dll+0x68234e]
V  [jvm.dll+0x3c892f]
V  [jvm.dll+0x2148cb]
V  [jvm.dll+0x5bfb5f]
V  [jvm.dll+0x835112]
V  [jvm.dll+0x835064]
V  [jvm.dll+0x47c33f]
V  [jvm.dll+0x48f8b6]
C  [java.dll+0x1657]

Java frames: (J=compiled Java code, j=interpreted, Vv=VM code)
j  java.lang.ClassLoader.defineClass0(Ljava/lang/ClassLoader;Ljava/lang/Class;Ljava/lang/String;[BIILjava/security/ProtectionDomain;ZILjava/lang/Object;)Ljava/lang/Class;+0 java.base@21.0.3
j  java.lang.System$2.defineClass(Ljava/lang/ClassLoader;Ljava/lang/Class;Ljava/lang/String;[BLjava/security/ProtectionDomain;ZILjava/lang/Object;)Ljava/lang/Class;+17 java.base@21.0.3
j  java.lang.invoke.MethodHandles$Lookup$ClassDefiner.defineClass(ZLjava/lang/Object;)Ljava/lang/Class;+57 java.base@21.0.3
j  java.lang.invoke.InvokerBytecodeGenerator.loadMethod([B)Ljava/lang/invoke/MemberName;+22 java.base@21.0.3
j  java.lang.invoke.InvokerBytecodeGenerator.generateCustomizedCode(Ljava/lang/invoke/LambdaForm;Ljava/lang/invoke/MethodType;)Ljava/lang/invoke/MemberName;+30 java.base@21.0.3
j  java.lang.invoke.LambdaForm.compileToBytecode()V+69 java.base@21.0.3
J 471 c1 java.lang.invoke.LambdaForm.prepare()V java.base@21.0.3 (108 bytes) @ 0x00000211ebb4f08c [0x00000211ebb4eee0+0x00000000000001ac]
J 470 c1 java.lang.invoke.MethodHandle.<init>(Ljava/lang/invoke/MethodType;Ljava/lang/invoke/LambdaForm;)V java.base@21.0.3 (37 bytes) @ 0x00000211ebb4e6e4 [0x00000211ebb4e4a0+0x0000000000000244]
j  java.lang.invoke.BoundMethodHandle.<init>(Ljava/lang/invoke/MethodType;Ljava/lang/invoke/LambdaForm;)V+3 java.base@21.0.3
j  java.lang.invoke.BoundMethodHandle$Species_LLLL.<init>(Ljava/lang/invoke/MethodType;Ljava/lang/invoke/LambdaForm;Ljava/lang/Object;Ljava/lang/Object;Ljava/lang/Object;Ljava/lang/Object;)V+3 java.base@21.0.3
j  java.lang.invoke.BoundMethodHandle$Species_LLLL.make(Ljava/lang/invoke/MethodType;Ljava/lang/invoke/LambdaForm;Ljava/lang/Object;Ljava/lang/Object;Ljava/lang/Object;Ljava/lang/Object;)Ljava/lang/invoke/BoundMethodHandle;+12 java.base@21.0.3
j  java.lang.invoke.DirectMethodHandle$Holder.invokeStatic(Ljava/lang/Object;Ljava/lang/Object;Ljava/lang/Object;Ljava/lang/Object;Ljava/lang/Object;Ljava/lang/Object;Ljava/lang/Object;)Ljava/lang/Object;+20 java.base@21.0.3
j  java.lang.invoke.BoundMethodHandle$Species_LLL.copyWithExtendL(Ljava/lang/invoke/MethodType;Ljava/lang/invoke/LambdaForm;Ljava/lang/Object;)Ljava/lang/invoke/BoundMethodHandle;+22 java.base@21.0.3
j  java.lang.invoke.MethodHandles.argumentsWithCombiner(ZLjava/lang/invoke/MethodHandle;ILjava/lang/invoke/MethodHandle;[I)Ljava/lang/invoke/MethodHandle;+122 java.base@21.0.3
j  java.lang.invoke.MethodHandles.foldArgumentsWithCombiner(Ljava/lang/invoke/MethodHandle;ILjava/lang/invoke/MethodHandle;[I)Ljava/lang/invoke/MethodHandle;+5 java.base@21.0.3
j  java.lang.invoke.StringConcatFactory.foldInLastMixers(Ljava/lang/invoke/MethodHandle;JI[Ljava/lang/Class;I)Ljava/lang/invoke/MethodHandle;+205 java.base@21.0.3
j  java.lang.invoke.StringConcatFactory.filterAndFoldInMixers(Ljava/lang/invoke/MethodHandle;J[Ljava/lang/Class;)Ljava/lang/invoke/MethodHandle;+85 java.base@21.0.3
j  java.lang.invoke.StringConcatFactory.generateMHInlineCopy(Ljava/lang/invoke/MethodType;[Ljava/lang/String;)Ljava/lang/invoke/MethodHandle;+444 java.base@21.0.3
j  java.lang.invoke.StringConcatFactory.makeConcatWithConstants(Ljava/lang/invoke/MethodHandles$Lookup;Ljava/lang/String;Ljava/lang/invoke/MethodType;Ljava/lang/String;[Ljava/lang/Object;)Ljava/lang/invoke/CallSite;+227 java.base@21.0.3
j  java.lang.invoke.DirectMethodHandle$Holder.invokeStatic(Ljava/lang/Object;Ljava/lang/Object;Ljava/lang/Object;Ljava/lang/Object;Ljava/lang/Object;Ljava/lang/Object;)Ljava/lang/Object;+18 java.base@21.0.3
j  java.lang.invoke.DelegatingMethodHandle$Holder.delegate(Ljava/lang/Object;Ljava/lang/Object;Ljava/lang/Object;Ljava/lang/Object;Ljava/lang/Object;Ljava/lang/Object;)Ljava/lang/Object;+21 java.base@21.0.3
j  java.lang.invoke.Invokers$Holder.invokeExact_MT(Ljava/lang/Object;Ljava/lang/Object;Ljava/lang/Object;Ljava/lang/Object;Ljava/lang/Object;Ljava/lang/Object;Ljava/lang/Object;)Ljava/lang/Object;+26 java.base@21.0.3
j  java.lang.invoke.BootstrapMethodInvoker.invoke(Ljava/lang/Class;Ljava/lang/invoke/MethodHandle;Ljava/lang/String;Ljava/lang/Object;Ljava/lang/Object;Ljava/lang/Class;)Ljava/lang/Object;+157 java.base@21.0.3
j  java.lang.invoke.CallSite.makeSite(Ljava/lang/invoke/MethodHandle;Ljava/lang/String;Ljava/lang/invoke/MethodType;Ljava/lang/Object;Ljava/lang/Class;)Ljava/lang/invoke/CallSite;+8 java.base@21.0.3
j  java.lang.invoke.MethodHandleNatives.linkCallSiteImpl(Ljava/lang/Class;Ljava/lang/invoke/MethodHandle;Ljava/lang/String;Ljava/lang/invoke/MethodType;Ljava/lang/Object;[Ljava/lang/Object;)Ljava/lang/invoke/MemberName;+6 java.base@21.0.3
j  java.lang.invoke.MethodHandleNatives.linkCallSite(Ljava/lang/Object;Ljava/lang/Object;Ljava/lang/Object;Ljava/lang/Object;Ljava/lang/Object;[Ljava/lang/Object;)Ljava/lang/invoke/MemberName;+45 java.base@21.0.3
v  ~StubRoutines::call_stub 0x00000211f2fd100d
j  jdk.internal.net.http.HttpClientImpl.<init>(Ljdk/internal/net/http/HttpClientBuilderImpl;Ljdk/internal/net/http/HttpClientImpl$SingleFacadeFactory;)V+226 java.net.http@21.0.3
j  jdk.internal.net.http.HttpClientImpl.create(Ljdk/internal/net/http/HttpClientBuilderImpl;)Ljdk/internal/net/http/HttpClientFacade;+14 java.net.http@21.0.3
j  jdk.internal.net.http.HttpClientBuilderImpl.build()Ljava/net/http/HttpClient;+1 java.net.http@21.0.3
j  externalApp.ExternalAppUtil.sendIdeRequest(Ljava/lang/String;ILjava/lang/String;Ljava/lang/String;)LexternalApp/ExternalAppUtil$Result;+77
j  git4idea.http.GitAskPassApp.main([Ljava/lang/String;)V+37
v  ~StubRoutines::call_stub 0x00000211f2fd100d

Compiled method (c1)     804  471       3       java.lang.invoke.LambdaForm::prepare (108 bytes)
 total in heap  [0x00000211ebb4ec90,0x00000211ebb4f960] = 3280
 relocation     [0x00000211ebb4edf0,0x00000211ebb4eed8] = 232
 main code      [0x00000211ebb4eee0,0x00000211ebb4f618] = 1848
 stub code      [0x00000211ebb4f618,0x00000211ebb4f6b0] = 152
 metadata       [0x00000211ebb4f6b0,0x00000211ebb4f6f8] = 72
 scopes data    [0x00000211ebb4f6f8,0x00000211ebb4f7b0] = 184
 scopes pcs     [0x00000211ebb4f7b0,0x00000211ebb4f900] = 336
 dependencies   [0x00000211ebb4f900,0x00000211ebb4f918] = 24
 nul chk table  [0x00000211ebb4f918,0x00000211ebb4f960] = 72

[Constant Pool (empty)]

[MachCode]
[Entry Point]
  # {method} {0x00000211810c3c40} 'prepare' '()V' in 'java/lang/invoke/LambdaForm'
  #           [sp+0x70]  (sp of caller)
  0x00000211ebb4eee0: 448b 5208 | 49c1 e203 

  0x00000211ebb4eee8: ;   {runtime_call ic_miss_stub}
  0x00000211ebb4eee8: 4c3b d00f | 858f f84c | 0766 6666 | 0f1f 8400 | 0000 0000 | 6666 6690 
[Verified Entry Point]
  0x00000211ebb4ef00: 8984 2400 | 80ff ff55 | 4883 ec60 | 4181 7f20 | 0100 0000 

  0x00000211ebb4ef14: ;   {runtime_call StubRoutines (final stubs)}
  0x00000211ebb4ef14: 7405 e805 | 5e4b 0748 | 8954 2438 

  0x00000211ebb4ef20: ;   {metadata(method data for {method} {0x00000211810c3c40} 'prepare' '()V' in 'java/lang/invoke/LambdaForm')}
  0x00000211ebb4ef20: 48be c0c4 | 9d81 1102 | 0000 8bbe | cc00 0000 | 83c7 0289 | becc 0000 | 0081 e7fe | 0700 0085 
  0x00000211ebb4ef40: ff0f 846e 

  0x00000211ebb4ef44: ;   {metadata(method data for {method} {0x00000211810c3c40} 'prepare' '()V' in 'java/lang/invoke/LambdaForm')}
  0x00000211ebb4ef44: 0500 0048 | bec0 c49d | 8111 0200 | 00ff 8620 | 0100 0048 

  0x00000211ebb4ef58: ;   {metadata(method data for {method} {0x00000211810c3c40} 'prepare' '()V' in 'java/lang/invoke/LambdaForm')}
  0x00000211ebb4ef58: 8bf2 48bf | c0c4 9d81 | 1102 0000 | 4883 8730 | 0100 0001 

  0x00000211ebb4ef6c: ;   {metadata(method data for {method} {0x00000211810c46d0} 'forceInterpretation' '()Z' in 'java/lang/invoke/LambdaForm')}
  0x00000211ebb4ef6c: 48be e8c0 | 9b81 1102 | 0000 8bbe | cc00 0000 | 83c7 0289 | becc 0000 | 0081 e7fe | ff1f 0085 
  0x00000211ebb4ef8c: ff0f 8443 | 0500 008b | 7214 83fe 

  0x00000211ebb4ef98: ;   {metadata(method data for {method} {0x00000211810c46d0} 'forceInterpretation' '()Z' in 'java/lang/invoke/LambdaForm')}
  0x00000211ebb4ef98: ff48 bee8 | c09b 8111 | 0200 0048 | bf10 0100 | 0000 0000 | 0075 0a48 | bf20 0100 | 0000 0000 
  0x00000211ebb4efb8: 0048 8b1c | 3e48 8d5b | 0148 891c | 3e0f 851a 

  0x00000211ebb4efc8: ;   {metadata(method data for {method} {0x00000211810c46d0} 'forceInterpretation' '()Z' in 'java/lang/invoke/LambdaForm')}
  0x00000211ebb4efc8: 0000 0048 | bee8 c09b | 8111 0200 | 00ff 8630 | 0100 00be | 0100 0000 | e905 0000 | 00be 0000 
  0x00000211ebb4efe8: 0000 83e6 

  0x00000211ebb4efec: ;   {metadata(method data for {method} {0x00000211810c3c40} 'prepare' '()V' in 'java/lang/invoke/LambdaForm')}
  0x00000211ebb4efec: 0185 f648 | bec0 c49d | 8111 0200 | 0048 bf68 | 0100 0000 | 0000 0075 | 0a48 bf78 | 0100 0000 
  0x00000211ebb4f00c: 0000 0048 | 8b1c 3e48 | 8d5b 0148 | 891c 3e0f | 8578 0000 | 000f be72 

  0x00000211ebb4f024: ;   {metadata(method data for {method} {0x00000211810c3c40} 'prepare' '()V' in 'java/lang/invoke/LambdaForm')}
  0x00000211ebb4f024: 1985 f648 | bec0 c49d | 8111 0200 | 0048 bf88 | 0100 0000 | 0000 0075 | 0a48 bf98 | 0100 0000 
  0x00000211ebb4f044: 0000 0048 | 8b1c 3e48 | 8d5b 0148 | 891c 3e0f | 8540 0000 | 0048 8bf2 

  0x00000211ebb4f05c: ;   {metadata(method data for {method} {0x00000211810c3c40} 'prepare' '()V' in 'java/lang/invoke/LambdaForm')}
  0x00000211ebb4f05c: 48bf c0c4 | 9d81 1102 

  0x00000211ebb4f064: ;   {metadata('java/lang/invoke/LambdaForm')}
  0x00000211ebb4f064: 0000 49ba | 70fd 0400 | 0100 0000 | 4c89 97b8 | 0100 0048 | 8387 c001 | 0000 0148 | 8bf2 488b 
  0x00000211ebb4f084: ;   {optimized virtual_call}
  0x00000211ebb4f084: d666 90e8 

  0x00000211ebb4f088: ; ImmutableOopMap {[56]=Oop }
                      ;*invokevirtual compileToBytecode {reexecute=0 rethrow=0 return_oop=0}
                      ; - java.lang.invoke.LambdaForm::prepare@21 (line 807)
  0x00000211ebb4f088: 9105 0000 

  0x00000211ebb4f08c: ;   {other}
  0x00000211ebb4f08c: 0f1f 8400 | fc03 0000 | 488b 5424 | 388b 7228 

  0x00000211ebb4f09c: ;   {metadata(method data for {method} {0x00000211810c3c40} 'prepare' '()V' in 'java/lang/invoke/LambdaForm')}
  0x00000211ebb4f09c: 4885 f648 | bec0 c49d | 8111 0200 | 0048 bff0 | 0100 0000 | 0000 0075 | 0a48 bfe0 | 0100 0000 
  0x00000211ebb4f0bc: 0000 0048 | 8b1c 3e48 | 8d5b 0148 | 891c 3e0f | 85d1 0300 | 0048 8bf2 

  0x00000211ebb4f0d4: ;   {metadata(method data for {method} {0x00000211810c3c40} 'prepare' '()V' in 'java/lang/invoke/LambdaForm')}
  0x00000211ebb4f0d4: 48bf c0c4 | 9d81 1102 

  0x00000211ebb4f0dc: ;   {metadata('java/lang/invoke/LambdaForm')}
  0x00000211ebb4f0dc: 0000 49ba | 70fd 0400 | 0100 0000 | 4c89 9710 | 0200 0048 | 8387 1802 | 0000 0148 | 8bf2 488b 
  0x00000211ebb4f0fc: ;   {optimized virtual_call}
  0x00000211ebb4f0fc: d666 90e8 

  0x00000211ebb4f100: ; ImmutableOopMap {[56]=Oop }
                      ;*invokevirtual methodType {reexecute=0 rethrow=0 return_oop=0}
                      ; - java.lang.invoke.LambdaForm::prepare@33 (line 813)
  0x00000211ebb4f100: 7cf9 4c07 

  0x00000211ebb4f104: ;   {other}
  0x00000211ebb4f104: 0f1f 8400 | 7404 0001 | 4889 4424 | 4048 3b00 

  0x00000211ebb4f114: ;   {metadata(method data for {method} {0x00000211810c3c40} 'prepare' '()V' in 'java/lang/invoke/LambdaForm')}
  0x00000211ebb4f114: 488b d048 | bec0 c49d | 8111 0200 | 0048 8386 | 3802 0000 | 018b 5014 

  0x00000211ebb4f12c: ; implicit exception: dispatches to 0x00000211ebb4f4fc
  0x00000211ebb4f12c: 483b 0248 

  0x00000211ebb4f130: ;   {metadata(method data for {method} {0x00000211810c3c40} 'prepare' '()V' in 'java/lang/invoke/LambdaForm')}
  0x00000211ebb4f130: 8bf2 48bf | c0c4 9d81 | 1102 0000 | 4883 8770 | 0200 0001 

  0x00000211ebb4f144: ;   {metadata(method data for {method} {0x00000211815afa50} 'cachedLambdaForm' '(I)Ljava/lang/invoke/LambdaForm;' in 'java/lang/invoke/MethodTypeForm')}
  0x00000211ebb4f144: 48be 30cb | 9d81 1102 | 0000 8bbe | cc00 0000 | 83c7 0289 | becc 0000 | 0081 e7fe | ff1f 0085 
  0x00000211ebb4f164: ff0f 8496 | 0300 008b | 521c 8b72 | 0c83 fe06 | 0f86 ad03 | 0000 8b52 | 2848 85d2 

  0x00000211ebb4f180: ;   {metadata(method data for {method} {0x00000211815afa50} 'cachedLambdaForm' '(I)Ljava/lang/invoke/LambdaForm;' in 'java/lang/invoke/MethodTypeForm')}
  0x00000211ebb4f180: 48be 30cb | 9d81 1102 | 0000 48bf | 1001 0000 | 0000 0000 | 740a 48bf | 2001 0000 | 0000 0000 
  0x00000211ebb4f1a0: 488b 1c3e | 488d 5b01 | 4889 1c3e | 0f84 8701 | 0000 483b | 0248 8bf2 

  0x00000211ebb4f1b8: ;   {metadata(method data for {method} {0x00000211815afa50} 'cachedLambdaForm' '(I)Ljava/lang/invoke/LambdaForm;' in 'java/lang/invoke/MethodTypeForm')}
  0x00000211ebb4f1b8: 48bf 30cb | 9d81 1102 | 0000 8b76 | 0848 c1e6 | 0348 3bb7 | 4001 0000 | 750d 4883 | 8748 0100 
  0x00000211ebb4f1d8: 0001 e960 | 0000 0048 | 3bb7 5001 | 0000 750d | 4883 8758 | 0100 0001 | e94a 0000 | 0048 83bf 
  0x00000211ebb4f1f8: 4001 0000 | 0075 1748 | 89b7 4001 | 0000 48c7 | 8748 0100 | 0001 0000 | 00e9 2900 | 0000 4883 
  0x00000211ebb4f218: bf50 0100 | 0000 7517 | 4889 b750 | 0100 0048 | c787 5801 | 0000 0100 | 0000 e908 | 0000 0048 
  0x00000211ebb4f238: 8387 3001 

  0x00000211ebb4f23c: ;   {optimized virtual_call}
  0x00000211ebb4f23c: 0000 01e8 

  0x00000211ebb4f240: ; ImmutableOopMap {[56]=Oop [64]=Oop }
                      ;*invokevirtual get {reexecute=0 rethrow=0 return_oop=0}
                      ; - java.lang.invoke.MethodTypeForm::cachedLambdaForm@12 (line 132)
                      ; - java.lang.invoke.LambdaForm::prepare@43 (line 814)
  0x00000211ebb4f240: 3cf8 4c07 

  0x00000211ebb4f244: ;   {other}
  0x00000211ebb4f244: 0f1f 8400 | b405 0002 | 4885 c075 

  0x00000211ebb4f250: ;   {metadata(method data for {method} {0x00000211815afa50} 'cachedLambdaForm' '(I)Ljava/lang/invoke/LambdaForm;' in 'java/lang/invoke/MethodTypeForm')}
  0x00000211ebb4f250: 1648 bf30 | cb9d 8111 | 0200 0080 | 8f61 0100 | 0001 e9ba 

  0x00000211ebb4f264: ;   {metadata('java/lang/invoke/LambdaForm')}
  0x00000211ebb4f264: 0000 0048 | bb70 fd04 | 0001 0000 | 008b 7008 | 48c1 e603 | 483b de0f | 8584 0000 

  0x00000211ebb4f280: ;   {metadata(method data for {method} {0x00000211815afa50} 'cachedLambdaForm' '(I)Ljava/lang/invoke/LambdaForm;' in 'java/lang/invoke/MethodTypeForm')}
  0x00000211ebb4f280: 0048 bf30 | cb9d 8111 | 0200 008b | 5808 48c1 | e303 483b | 9f78 0100 | 0075 0d48 | 8387 8001 
  0x00000211ebb4f2a0: 0000 01e9 | 7900 0000 | 483b 9f88 | 0100 0075 | 0d48 8387 | 9001 0000 | 01e9 6300 | 0000 4883 
  0x00000211ebb4f2c0: bf78 0100 | 0000 7517 | 4889 9f78 | 0100 0048 | c787 8001 | 0000 0100 | 0000 e942 | 0000 0048 
  0x00000211ebb4f2e0: 83bf 8801 | 0000 0075 | 1748 899f | 8801 0000 | 48c7 8790 | 0100 0001 | 0000 00e9 | 2100 0000 
  0x00000211ebb4f300: e91c 0000 

  0x00000211ebb4f304: ;   {metadata(method data for {method} {0x00000211815afa50} 'cachedLambdaForm' '(I)Ljava/lang/invoke/LambdaForm;' in 'java/lang/invoke/MethodTypeForm')}
  0x00000211ebb4f304: 0048 bf30 | cb9d 8111 | 0200 0048 | 83af 6801 | 0000 01e9 | 2202 0000 | e900 0000 | 0048 8bd0 
  0x00000211ebb4f324: ;   {metadata(method data for {method} {0x00000211815afa50} 'cachedLambdaForm' '(I)Ljava/lang/invoke/LambdaForm;' in 'java/lang/invoke/MethodTypeForm')}
  0x00000211ebb4f324: 48be 30cb | 9d81 1102 | 0000 ff86 | a001 0000 | e90a 0000 

  0x00000211ebb4f338: ;   {oop(nullptr)}
  0x00000211ebb4f338: 0048 ba00 | 0000 0000 | 0000 0048 

  0x00000211ebb4f344: ;   {metadata(method data for {method} {0x00000211810c3c40} 'prepare' '()V' in 'java/lang/invoke/LambdaForm')}
  0x00000211ebb4f344: 85d2 48be | c0c4 9d81 | 1102 0000 | 48bf a802 | 0000 0000 | 0000 750a | 48bf b802 | 0000 0000 
  0x00000211ebb4f364: 0000 488b | 1c3e 488d | 5b01 4889 | 1c3e 0f85 | e700 0000 

  0x00000211ebb4f378: ;   {metadata(method data for {method} {0x00000211810c3c40} 'prepare' '()V' in 'java/lang/invoke/LambdaForm')}
  0x00000211ebb4f378: 48ba c0c4 | 9d81 1102 | 0000 ff82 | c802 0000 | 488b 4424 

  0x00000211ebb4f38c: ;   {metadata(method data for {method} {0x00000211810c3c40} 'prepare' '()V' in 'java/lang/invoke/LambdaForm')}
  0x00000211ebb4f38c: 4048 bac0 | c49d 8111 | 0200 0048 | 8382 6003 | 0000 0148 | 8bd0 0f1f 

  0x00000211ebb4f3a4: ;   {static_call}
  0x00000211ebb4f3a4: 4400 00e8 

  0x00000211ebb4f3a8: ; ImmutableOopMap {[56]=Oop [64]=Oop }
                      ;*invokestatic createBlankForType {reexecute=0 rethrow=0 return_oop=0}
                      ; - java.lang.invoke.LambdaForm::prepare@76 (line 817)
  0x00000211ebb4f3a8: d4fc 4c07 

  0x00000211ebb4f3ac: ;   {other}
  0x00000211ebb4f3ac: 0f1f 8400 | 1c07 0003 

  0x00000211ebb4f3b4: ;   {metadata(method data for {method} {0x00000211810c3c40} 'prepare' '()V' in 'java/lang/invoke/LambdaForm')}
  0x00000211ebb4f3b4: 48ba c0c4 | 9d81 1102 | 0000 4883 | 8270 0300 | 0001 488b | 5424 4048 | 8944 2448 | 0f1f 8000 
  0x00000211ebb4f3d4: ;   {static_call}
  0x00000211ebb4f3d4: 0000 00e8 

  0x00000211ebb4f3d8: ; ImmutableOopMap {[56]=Oop [64]=Oop [72]=Oop }
                      ;*invokestatic generateLambdaFormInterpreterEntryPoint {reexecute=0 rethrow=0 return_oop=0}
                      ; - java.lang.invoke.LambdaForm::prepare@82 (line 818)
  0x00000211ebb4f3d8: a4fc 4c07 

  0x00000211ebb4f3dc: ;   {other}
  0x00000211ebb4f3dc: 0f1f 8400 | 4c07 0004 | 450f be47 | 4045 85c0 | 4c8b 4c24 | 480f 8550 | 0100 004c | 8bd0 4589 
  0x00000211ebb4f3fc: 5128 4d8b | c14c 33c0 | 49c1 e814 | 4983 f800 | 0f85 5601 | 0000 488b 

  0x00000211ebb4f414: ;   {metadata(method data for {method} {0x00000211810c3c40} 'prepare' '()V' in 'java/lang/invoke/LambdaForm')}
  0x00000211ebb4f414: 4424 4049 | b8c0 c49d | 8111 0200 | 0049 8380 | 8003 0000 | 0148 8b44 | 2440 8b50 | 1448 3b02 
  0x00000211ebb4f434: ;   {metadata(method data for {method} {0x00000211810c3c40} 'prepare' '()V' in 'java/lang/invoke/LambdaForm')}
  0x00000211ebb4f434: 4c8b c248 | bec0 c49d | 8111 0200 | 0048 8386 | b803 0000 | 0141 b806 

  0x00000211ebb4f44c: ;   {optimized virtual_call}
  0x00000211ebb4f44c: 0000 00e8 

  0x00000211ebb4f450: ; ImmutableOopMap {[56]=Oop }
                      ;*invokevirtual setCachedLambdaForm {reexecute=0 rethrow=0 return_oop=0}
                      ; - java.lang.invoke.LambdaForm::prepare@95 (line 819)
  0x00000211ebb4f450: 2cf6 4c07 

  0x00000211ebb4f454: ;   {other}
  0x00000211ebb4f454: 0f1f 8400 | c407 0005 | 488b d048 | 8b74 2438 

  0x00000211ebb4f464: ; implicit exception: dispatches to 0x00000211ebb4f585
  0x00000211ebb4f464: 8b7a 2841 | 0fbe 5f40 | 85db 0f85 | 1601 0000 | 4c8b d744 | 8956 2848 | 8bd6 4833 | d748 c1ea 
  0x00000211ebb4f484: 1448 83fa | 000f 8516 | 0100 0048 | 83c4 605d 

  0x00000211ebb4f494: ;   {poll_return}
  0x00000211ebb4f494: 493b a750 | 0400 000f | 871c 0100 | 00c3 4883 

  0x00000211ebb4f4a4: ;   {poll_return}
  0x00000211ebb4f4a4: c460 5d49 | 3ba7 5004 | 0000 0f87 | 1f01 0000 

  0x00000211ebb4f4b4: ;   {metadata({method} {0x00000211810c3c40} 'prepare' '()V' in 'java/lang/invoke/LambdaForm')}
  0x00000211ebb4f4b4: c349 ba38 | 3c0c 8111 | 0200 004c | 8954 2408 | 48c7 0424 | ffff ffff 

  0x00000211ebb4f4cc: ;   {runtime_call counter_overflow Runtime1 stub}
  0x00000211ebb4f4cc: e8af 6359 

  0x00000211ebb4f4d0: ; ImmutableOopMap {rdx=Oop [56]=Oop }
                      ;*synchronization entry
                      ; - java.lang.invoke.LambdaForm::prepare@-1 (line 806)
  0x00000211ebb4f4d0: 07e9 71fa 

  0x00000211ebb4f4d4: ;   {metadata({method} {0x00000211810c46d0} 'forceInterpretation' '()Z' in 'java/lang/invoke/LambdaForm')}
  0x00000211ebb4f4d4: ffff 49ba | c846 0c81 | 1102 0000 | 4c89 5424 | 0848 c704 | 24ff ffff 

  0x00000211ebb4f4ec: ;   {runtime_call counter_overflow Runtime1 stub}
  0x00000211ebb4f4ec: ffe8 8e63 

  0x00000211ebb4f4f0: ; ImmutableOopMap {rdx=Oop [56]=Oop }
                      ;*synchronization entry
                      ; - java.lang.invoke.LambdaForm::forceInterpretation@-1 (line 923)
                      ; - java.lang.invoke.LambdaForm::prepare@7 (line 806)
  0x00000211ebb4f4f0: 5907 e99c 

  0x00000211ebb4f4f4: ;   {runtime_call throw_null_pointer_exception Runtime1 stub}
  0x00000211ebb4f4f4: faff ffe8 

  0x00000211ebb4f4f8: ; ImmutableOopMap {rax=Oop [56]=Oop [64]=Oop }
                      ;*invokevirtual form {reexecute=0 rethrow=0 return_oop=0}
                      ; - java.lang.invoke.LambdaForm::prepare@38 (line 814)
  0x00000211ebb4f4f8: 8412 5907 

  0x00000211ebb4f4fc: ;   {runtime_call throw_null_pointer_exception Runtime1 stub}
  0x00000211ebb4f4fc: e87f 1259 

  0x00000211ebb4f500: ; ImmutableOopMap {rax=Oop rdx=Oop [56]=Oop [64]=Oop }
                      ;*invokevirtual cachedLambdaForm {reexecute=0 rethrow=0 return_oop=0}
                      ; - java.lang.invoke.LambdaForm::prepare@43 (line 814)
                      ;   {metadata({method} {0x00000211815afa50} 'cachedLambdaForm' '(I)Ljava/lang/invoke/LambdaForm;' in 'java/lang/invoke/MethodTypeForm')}
  0x00000211ebb4f500: 0749 ba48 | fa5a 8111 | 0200 004c | 8954 2408 | 48c7 0424 | ffff ffff 

  0x00000211ebb4f518: ;   {runtime_call counter_overflow Runtime1 stub}
  0x00000211ebb4f518: e863 6359 

  0x00000211ebb4f51c: ; ImmutableOopMap {rax=Oop rdx=Oop [56]=Oop [64]=Oop }
                      ;*synchronization entry
                      ; - java.lang.invoke.MethodTypeForm::cachedLambdaForm@-1 (line 131)
                      ; - java.lang.invoke.LambdaForm::prepare@43 (line 814)
  0x00000211ebb4f51c: 07e9 49fc 

  0x00000211ebb4f520: ;   {runtime_call throw_null_pointer_exception Runtime1 stub}
  0x00000211ebb4f520: ffff e859 

  0x00000211ebb4f524: ; ImmutableOopMap {rax=Oop rdx=Oop [56]=Oop [64]=Oop }
                      ;*aaload {reexecute=0 rethrow=0 return_oop=0}
                      ; - java.lang.invoke.MethodTypeForm::cachedLambdaForm@5 (line 131)
                      ; - java.lang.invoke.LambdaForm::prepare@43 (line 814)
  0x00000211ebb4f524: 1259 0748 | c704 2406 | 0000 0048 | 8954 2408 

  0x00000211ebb4f534: ;   {runtime_call throw_range_check_failed Runtime1 stub}
  0x00000211ebb4f534: e847 0959 

  0x00000211ebb4f538: ; ImmutableOopMap {rax=Oop rdx=Oop [56]=Oop [64]=Oop }
                      ;*aaload {reexecute=0 rethrow=0 return_oop=0}
                      ; - java.lang.invoke.MethodTypeForm::cachedLambdaForm@5 (line 131)
                      ; - java.lang.invoke.LambdaForm::prepare@43 (line 814)
                      ;   {runtime_call throw_null_pointer_exception Runtime1 stub}
  0x00000211ebb4f538: 07e8 4212 

  0x00000211ebb4f53c: ; ImmutableOopMap {rdx=Oop [56]=Oop [64]=Oop }
                      ;*invokevirtual get {reexecute=0 rethrow=0 return_oop=0}
                      ; - java.lang.invoke.MethodTypeForm::cachedLambdaForm@12 (line 132)
                      ; - java.lang.invoke.LambdaForm::prepare@43 (line 814)
  0x00000211ebb4f53c: 5907 4889 

  0x00000211ebb4f540: ;   {runtime_call throw_class_cast_exception Runtime1 stub}
  0x00000211ebb4f540: 0424 e839 

  0x00000211ebb4f544: ; ImmutableOopMap {[56]=Oop [64]=Oop }
                      ;*checkcast {reexecute=0 rethrow=0 return_oop=0}
                      ; - java.lang.invoke.MethodTypeForm::cachedLambdaForm@15 (line 132)
                      ; - java.lang.invoke.LambdaForm::prepare@43 (line 814)
  0x00000211ebb4f544: 3659 0745 | 8b41 2849 | 83f8 000f | 84a2 feff | ff4c 8904 

  0x00000211ebb4f558: ;   {runtime_call g1_pre_barrier_slow}
  0x00000211ebb4f558: 24e8 2269 | 5907 e994 

  0x00000211ebb4f560: ;   {runtime_call throw_null_pointer_exception Runtime1 stub}
  0x00000211ebb4f560: feff ffe8 

  0x00000211ebb4f564: ; ImmutableOopMap {rax=Oop r9=Oop [56]=Oop [64]=Oop }
                      ;*putfield vmentry {reexecute=1 rethrow=0 return_oop=0}
                      ; - (reexecute) java.lang.invoke.LambdaForm::prepare@85 (line 818)
  0x00000211ebb4f564: 1812 5907 | 4883 f800 | 0f84 a0fe | ffff 4c89 

  0x00000211ebb4f574: ;   {runtime_call g1_post_barrier_slow}
  0x00000211ebb4f574: 0c24 e805 | 6c59 07e9 | 92fe ffff 

  0x00000211ebb4f580: ;   {runtime_call throw_null_pointer_exception Runtime1 stub}
  0x00000211ebb4f580: e8fb 1159 

  0x00000211ebb4f584: ; ImmutableOopMap {r9=Oop rdx=Oop [56]=Oop }
                      ;*invokevirtual setCachedLambdaForm {reexecute=0 rethrow=0 return_oop=0}
                      ; - java.lang.invoke.LambdaForm::prepare@95 (line 819)
                      ;   {runtime_call throw_null_pointer_exception Runtime1 stub}
  0x00000211ebb4f584: 07e8 f611 

  0x00000211ebb4f588: ; ImmutableOopMap {rsi=Oop [56]=Oop }
                      ;*getfield vmentry {reexecute=1 rethrow=0 return_oop=0}
                      ; - (reexecute) java.lang.invoke.LambdaForm::prepare@101 (line 821)
  0x00000211ebb4f588: 5907 8b5e | 2848 83fb | 000f 84dd | feff ff48 

  0x00000211ebb4f598: ;   {runtime_call g1_pre_barrier_slow}
  0x00000211ebb4f598: 891c 24e8 | e068 5907 | e9cf feff | ff48 83ff | 000f 84e0 | feff ff48 

  0x00000211ebb4f5b0: ;   {runtime_call g1_post_barrier_slow}
  0x00000211ebb4f5b0: 8934 24e8 | c86b 5907 | e9d2 feff 

  0x00000211ebb4f5bc: ;   {internal_word}
  0x00000211ebb4f5bc: ff49 ba94 | f4b4 eb11 | 0200 004d | 8997 6804 

  0x00000211ebb4f5cc: ;   {runtime_call SafepointBlob}
  0x00000211ebb4f5cc: 0000 e92d 

  0x00000211ebb4f5d0: ;   {internal_word}
  0x00000211ebb4f5d0: 614d 0749 | baa7 f4b4 | eb11 0200 | 004d 8997 | 6804 0000 

  0x00000211ebb4f5e4: ;   {runtime_call SafepointBlob}
  0x00000211ebb4f5e4: e917 614d 

  0x00000211ebb4f5e8: ;   {runtime_call throw_null_pointer_exception Runtime1 stub}
  0x00000211ebb4f5e8: 07e8 9211 

  0x00000211ebb4f5ec: ; ImmutableOopMap {rax=Oop r9=Oop [56]=Oop [64]=Oop }
                      ;*putfield vmentry {reexecute=1 rethrow=0 return_oop=0}
                      ; - (reexecute) java.lang.invoke.LambdaForm::prepare@85 (line 818)
  0x00000211ebb4f5ec: 5907 498b | 8700 0500 | 0049 c787 | 0005 0000 | 0000 0000 | 49c7 8708 | 0500 0000 | 0000 0048 
  0x00000211ebb4f60c: 83c4 605d 

  0x00000211ebb4f610: ;   {runtime_call unwind_exception Runtime1 stub}
  0x00000211ebb4f610: e96b 0259 | 07f4 f4f4 
[Stub Code]
  0x00000211ebb4f618: ;   {no_reloc}
  0x00000211ebb4f618: 0f1f 4400 

  0x00000211ebb4f61c: ;   {static_stub}
  0x00000211ebb4f61c: 0048 bbf8 | 3e0c 8111 

  0x00000211ebb4f624: ;   {runtime_call I2C/C2I adapters}
  0x00000211ebb4f624: 0200 00e9 | 2e3e 4d07 

  0x00000211ebb4f62c: ;   {static_stub}
  0x00000211ebb4f62c: 9048 bb00 | 0000 0000 

  0x00000211ebb4f634: ;   {runtime_call}
  0x00000211ebb4f634: 0000 00e9 | fbff ffff 

  0x00000211ebb4f63c: ;   {static_stub}
  0x00000211ebb4f63c: 9048 bb00 | 0000 0000 

  0x00000211ebb4f644: ;   {runtime_call}
  0x00000211ebb4f644: 0000 00e9 | fbff ffff 

  0x00000211ebb4f64c: ;   {static_stub}
  0x00000211ebb4f64c: 48bb 0000 | 0000 0000 

  0x00000211ebb4f654: ;   {runtime_call}
  0x00000211ebb4f654: 0000 e9fb 

  0x00000211ebb4f658: ;   {static_stub}
  0x00000211ebb4f658: ffff ff48 | bb00 0000 | 0000 0000 

  0x00000211ebb4f664: ;   {runtime_call}
  0x00000211ebb4f664: 00e9 fbff 

  0x00000211ebb4f668: ;   {static_stub}
  0x00000211ebb4f668: ffff 48bb | 0000 0000 | 0000 0000 

  0x00000211ebb4f674: ;   {runtime_call}
  0x00000211ebb4f674: e9fb ffff 

  0x00000211ebb4f678: ;   {runtime_call handle_exception_from_callee Runtime1 stub}
  0x00000211ebb4f678: ffe8 022f 

  0x00000211ebb4f67c: ;   {external_word}
  0x00000211ebb4f67c: 5907 48b9 | c0b4 1b36 | fa7f 0000 | 4883 e4f0 

  0x00000211ebb4f68c: ;   {runtime_call}
  0x00000211ebb4f68c: 48b8 c050 | de35 fa7f | 0000 ffd0 

  0x00000211ebb4f698: ;   {section_word}
  0x00000211ebb4f698: f449 ba99 | f6b4 eb11 | 0200 0041 

  0x00000211ebb4f6a4: ;   {runtime_call DeoptimizationBlob}
  0x00000211ebb4f6a4: 52e9 f652 | 4d07 f4f4 | f4f4 f4f4 
[/MachCode]


Compiled method (c1)     826  470       3       java.lang.invoke.MethodHandle::<init> (37 bytes)
 total in heap  [0x00000211ebb4e290,0x00000211ebb4ec28] = 2456
 relocation     [0x00000211ebb4e3f0,0x00000211ebb4e498] = 168
 main code      [0x00000211ebb4e4a0,0x00000211ebb4e9a8] = 1288
 stub code      [0x00000211ebb4e9a8,0x00000211ebb4ea10] = 104
 metadata       [0x00000211ebb4ea10,0x00000211ebb4ea48] = 56
 scopes data    [0x00000211ebb4ea48,0x00000211ebb4eaf8] = 176
 scopes pcs     [0x00000211ebb4eaf8,0x00000211ebb4ebf8] = 256
 dependencies   [0x00000211ebb4ebf8,0x00000211ebb4ec10] = 24
 nul chk table  [0x00000211ebb4ec10,0x00000211ebb4ec28] = 24

[Constant Pool (empty)]

[MachCode]
[Entry Point]
  # {method} {0x00000211810a76e0} '<init>' '(Ljava/lang/invoke/MethodType;Ljava/lang/invoke/LambdaForm;)V' in 'java/lang/invoke/MethodHandle'
  # this:     rdx:rdx   = 'java/lang/invoke/MethodHandle'
  # parm0:    r8:r8     = 'java/lang/invoke/MethodType'
  # parm1:    r9:r9     = 'java/lang/invoke/LambdaForm'
  #           [sp+0x70]  (sp of caller)
  0x00000211ebb4e4a0: 448b 5208 | 49c1 e203 

  0x00000211ebb4e4a8: ;   {runtime_call ic_miss_stub}
  0x00000211ebb4e4a8: 4c3b d00f | 85cf 024d | 0766 6666 | 0f1f 8400 | 0000 0000 | 6666 6690 
[Verified Entry Point]
  0x00000211ebb4e4c0: 8984 2400 | 80ff ff55 | 4883 ec60 | 4181 7f20 | 0100 0000 

  0x00000211ebb4e4d4: ;   {runtime_call StubRoutines (final stubs)}
  0x00000211ebb4e4d4: 7405 e845 | 684b 0748 | 8954 2430 

  0x00000211ebb4e4e0: ;   {metadata(method data for {method} {0x00000211810a76e0} '<init>' '(Ljava/lang/invoke/MethodType;Ljava/lang/invoke/LambdaForm;)V' in 'java/lang/invoke/MethodHandle')}
  0x00000211ebb4e4e0: 48be 50c2 | 9d81 1102 | 0000 8bbe | cc00 0000 | 83c7 0289 | becc 0000 | 0081 e7fe | 0700 0085 
  0x00000211ebb4e500: ff0f 841f | 0300 0048 

  0x00000211ebb4e508: ;   {metadata(method data for {method} {0x00000211810a76e0} '<init>' '(Ljava/lang/invoke/MethodType;Ljava/lang/invoke/LambdaForm;)V' in 'java/lang/invoke/MethodHandle')}
  0x00000211ebb4e508: 8bf2 48bf | 50c2 9d81 | 1102 0000 | 4883 8710 | 0100 0001 

  0x00000211ebb4e51c: ;   {metadata(method data for {method} {0x0000021181000648} '<init>' '()V' in 'java/lang/Object')}
  0x00000211ebb4e51c: 48be 406f | 2c81 1102 | 0000 8bbe | cc00 0000 | 83c7 0289 | becc 0000 | 0081 e7fe | ff1f 0085 
  0x00000211ebb4e53c: ff0f 8404 

  0x00000211ebb4e540: ;   {metadata(method data for {method} {0x00000211810a76e0} '<init>' '(Ljava/lang/invoke/MethodType;Ljava/lang/invoke/LambdaForm;)V' in 'java/lang/invoke/MethodHandle')}
  0x00000211ebb4e540: 0300 0048 | be50 c29d | 8111 0200 | 0048 8386 | 2001 0000 

  0x00000211ebb4e554: ;   {metadata(method data for {method} {0x00000211811a2258} 'requireNonNull' '(Ljava/lang/Object;)Ljava/lang/Object;' in 'java/util/Objects')}
  0x00000211ebb4e554: 0148 beb8 | ae37 8111 | 0200 008b | becc 0000 | 0083 c702 | 89be cc00 | 0000 81e7 | feff 1f00 
  0x00000211ebb4e574: 85ff 0f84 | ec02 0000 

  0x00000211ebb4e57c: ;   {metadata(method data for {method} {0x00000211811a2258} 'requireNonNull' '(Ljava/lang/Object;)Ljava/lang/Object;' in 'java/util/Objects')}
  0x00000211ebb4e57c: 4d85 c048 | beb8 ae37 | 8111 0200 | 0048 bf20 | 0100 0000 | 0000 0074 | 0a48 bf10 | 0100 0000 
  0x00000211ebb4e59c: 0000 0048 | 8b1c 3e48 | 8d5b 0148 | 891c 3e0f | 84dd 0100 | 0041 0fbe | 7740 85f6 | 0f85 cb02 
  0x00000211ebb4e5bc: 0000 4d8b | d044 8952 | 1048 8bf2 | 4933 f048 | c1ee 1448 | 83fe 000f | 85cb 0200 

  0x00000211ebb4e5d8: ;   {metadata(method data for {method} {0x00000211810a76e0} '<init>' '(Ljava/lang/invoke/MethodType;Ljava/lang/invoke/LambdaForm;)V' in 'java/lang/invoke/MethodHandle')}
  0x00000211ebb4e5d8: 0048 be50 | c29d 8111 | 0200 0048 | 8386 6801 

  0x00000211ebb4e5e8: ;   {metadata(method data for {method} {0x00000211811a2258} 'requireNonNull' '(Ljava/lang/Object;)Ljava/lang/Object;' in 'java/util/Objects')}
  0x00000211ebb4e5e8: 0000 0148 | beb8 ae37 | 8111 0200 | 008b becc | 0000 0083 | c702 89be | cc00 0000 | 81e7 feff 
  0x00000211ebb4e608: 1f00 85ff | 0f84 aa02 | 0000 4d85 

  0x00000211ebb4e614: ;   {metadata(method data for {method} {0x00000211811a2258} 'requireNonNull' '(Ljava/lang/Object;)Ljava/lang/Object;' in 'java/util/Objects')}
  0x00000211ebb4e614: c948 beb8 | ae37 8111 | 0200 0048 | bf20 0100 | 0000 0000 | 0074 0a48 | bf10 0100 | 0000 0000 
  0x00000211ebb4e634: 0048 8b1c | 3e48 8d5b | 0148 891c | 3e0f 84b8 | 0000 0049 | 3b01 498b 

  0x00000211ebb4e64c: ;   {metadata(method data for {method} {0x00000211810a76e0} '<init>' '(Ljava/lang/invoke/MethodType;Ljava/lang/invoke/LambdaForm;)V' in 'java/lang/invoke/MethodHandle')}
  0x00000211ebb4e64c: f148 bf50 | c29d 8111 

  0x00000211ebb4e654: ;   {metadata('java/lang/invoke/LambdaForm')}
  0x00000211ebb4e654: 0200 0049 | ba70 fd04 | 0001 0000 | 004c 8997 | c001 0000 | 4883 87c8 | 0100 0001 | 498b d10f 
  0x00000211ebb4e674: ;   {optimized virtual_call}
  0x00000211ebb4e674: 1f40 00e8 

  0x00000211ebb4e678: ; ImmutableOopMap {[48]=Oop }
                      ;*invokevirtual uncustomize {reexecute=0 rethrow=0 return_oop=0}
                      ; - java.lang.invoke.MethodHandle::<init>@23 (line 480)
  0x00000211ebb4e678: 84d6 ffff 

  0x00000211ebb4e67c: ;   {other}
  0x00000211ebb4e67c: 0f1f 8400 | ec03 0000 | 410f be57 | 4085 d248 | 8b54 2430 | 0f85 4c02 | 0000 4c8b | d044 8952 
  0x00000211ebb4e69c: 1448 8bf2 | 4833 f048 | c1ee 1448 | 83fe 000f | 854c 0200 | 0048 3b00 

  0x00000211ebb4e6b4: ;   {metadata(method data for {method} {0x00000211810a76e0} '<init>' '(Ljava/lang/invoke/MethodType;Ljava/lang/invoke/LambdaForm;)V' in 'java/lang/invoke/MethodHandle')}
  0x00000211ebb4e6b4: 488b d048 | be50 c29d | 8111 0200 

  0x00000211ebb4e6c0: ;   {metadata('java/lang/invoke/LambdaForm')}
  0x00000211ebb4e6c0: 0049 ba70 | fd04 0001 | 0000 004c | 8996 f801 | 0000 4883 | 8600 0200 | 0001 488b 

  0x00000211ebb4e6dc: ;   {optimized virtual_call}
  0x00000211ebb4e6dc: d066 90e8 

  0x00000211ebb4e6e0: ; ImmutableOopMap {}
                      ;*invokevirtual prepare {reexecute=0 rethrow=0 return_oop=0}
                      ; - java.lang.invoke.MethodHandle::<init>@33 (line 482)
  0x00000211ebb4e6e0: 1c08 0000 

  0x00000211ebb4e6e4: ;   {other}
  0x00000211ebb4e6e4: 0f1f 8400 | 5404 0001 | 4883 c460 

  0x00000211ebb4e6f0: ;   {poll_return}
  0x00000211ebb4e6f0: 5d49 3ba7 | 5004 0000 | 0f87 1c02 | 0000 c390 

  0x00000211ebb4e700: ;   {no_reloc}
  0x00000211ebb4e700: e93a 0200 | 0000 0000 | 0000 498b | 87b8 0100 | 0048 8d78 | 3049 3bbf | c801 0000 | 0f87 2702 
  0x00000211ebb4e720: 0000 4989 | bfb8 0100 | 0048 c700 | 0100 0000 | 488b ca48 | c1e9 0389 | 4808 4833 | c989 480c 
  0x00000211ebb4e740: 4833 c948 | 8948 1048 | 8948 1848 | 8948 2048 | 8948 2848 

  0x00000211ebb4e754: ;   {metadata(method data for {method} {0x00000211811a2258} 'requireNonNull' '(Ljava/lang/Object;)Ljava/lang/Object;' in 'java/util/Objects')}
  0x00000211ebb4e754: 8bd0 48be | b8ae 3781 | 1102 0000 | 4883 8630 | 0100 0001 | 488b d048 | 8944 2438 | 0f1f 8000 
  0x00000211ebb4e774: ;   {optimized virtual_call}
  0x00000211ebb4e774: 0000 00e8 

  0x00000211ebb4e778: ; ImmutableOopMap {[48]=Oop [56]=Oop }
                      ;*invokespecial <init> {reexecute=0 rethrow=0 return_oop=0}
                      ; - java.util.Objects::requireNonNull@8 (line 233)
                      ; - java.lang.invoke.MethodHandle::<init>@17 (line 480)
  0x00000211ebb4e778: 0403 4d07 

  0x00000211ebb4e77c: ;   {other}
  0x00000211ebb4e77c: 0f1f 8400 | ec04 0002 | 488b 4424 | 38e9 0b02 | 0000 4c89 | 4c24 480f | 1f44 0000 

  0x00000211ebb4e798: ;   {no_reloc}
  0x00000211ebb4e798: e9c8 0100 | 0000 0000 | 0000 498b | 87b8 0100 | 0048 8d78 | 3049 3bbf | c801 0000 | 0f87 b501 
  0x00000211ebb4e7b8: 0000 4989 | bfb8 0100 | 0048 c700 | 0100 0000 | 488b ca48 | c1e9 0389 | 4808 4833 | c989 480c 
  0x00000211ebb4e7d8: 4833 c948 | 8948 1048 | 8948 1848 | 8948 2048 | 8948 2848 

  0x00000211ebb4e7ec: ;   {metadata(method data for {method} {0x00000211811a2258} 'requireNonNull' '(Ljava/lang/Object;)Ljava/lang/Object;' in 'java/util/Objects')}
  0x00000211ebb4e7ec: 8bd0 48be | b8ae 3781 | 1102 0000 | 4883 8630 | 0100 0001 | 488b d048 | 8944 2440 | 0f1f 8000 
  0x00000211ebb4e80c: ;   {optimized virtual_call}
  0x00000211ebb4e80c: 0000 00e8 

  0x00000211ebb4e810: ; ImmutableOopMap {[48]=Oop [64]=Oop [72]=Oop }
                      ;*invokespecial <init> {reexecute=0 rethrow=0 return_oop=0}
                      ; - java.util.Objects::requireNonNull@8 (line 233)
                      ; - java.lang.invoke.MethodHandle::<init>@6 (line 479)
  0x00000211ebb4e810: 6c02 4d07 

  0x00000211ebb4e814: ;   {other}
  0x00000211ebb4e814: 0f1f 8400 | 8405 0003 | 488b 4424 | 40e9 7301 

  0x00000211ebb4e824: ;   {metadata({method} {0x00000211810a76e0} '<init>' '(Ljava/lang/invoke/MethodType;Ljava/lang/invoke/LambdaForm;)V' in 'java/lang/invoke/MethodHandle')}
  0x00000211ebb4e824: 0000 49ba | d876 0a81 | 1102 0000 | 4c89 5424 | 0848 c704 | 24ff ffff 

  0x00000211ebb4e83c: ;   {runtime_call counter_overflow Runtime1 stub}
  0x00000211ebb4e83c: ffe8 3e70 

  0x00000211ebb4e840: ; ImmutableOopMap {rdx=Oop r8=Oop r9=Oop [48]=Oop }
                      ;*synchronization entry
                      ; - java.lang.invoke.MethodHandle::<init>@-1 (line 478)
  0x00000211ebb4e840: 5907 e9c0 

  0x00000211ebb4e844: ;   {metadata({method} {0x0000021181000648} '<init>' '()V' in 'java/lang/Object')}
  0x00000211ebb4e844: fcff ff49 | ba40 0600 | 8111 0200 | 004c 8954 | 2408 48c7 | 0424 ffff 

  0x00000211ebb4e85c: ;   {runtime_call counter_overflow Runtime1 stub}
  0x00000211ebb4e85c: ffff e81d 

  0x00000211ebb4e860: ; ImmutableOopMap {rdx=Oop r8=Oop r9=Oop [48]=Oop }
                      ;*synchronization entry
                      ; - java.lang.Object::<init>@-1 (line 45)
                      ; - java.lang.invoke.MethodHandle::<init>@1 (line 478)
  0x00000211ebb4e860: 7059 07e9 | dbfc ffff 

  0x00000211ebb4e868: ;   {metadata({method} {0x00000211811a2258} 'requireNonNull' '(Ljava/lang/Object;)Ljava/lang/Object;' in 'java/util/Objects')}
  0x00000211ebb4e868: 49ba 5022 | 1a81 1102 | 0000 4c89 | 5424 0848 | c704 24ff 

  0x00000211ebb4e87c: ;   {runtime_call counter_overflow Runtime1 stub}
  0x00000211ebb4e87c: ffff ffe8 

  0x00000211ebb4e880: ; ImmutableOopMap {rdx=Oop r8=Oop r9=Oop [48]=Oop }
                      ;*synchronization entry
                      ; - java.util.Objects::requireNonNull@-1 (line 232)
                      ; - java.lang.invoke.MethodHandle::<init>@6 (line 479)
  0x00000211ebb4e880: fc6f 5907 | e9f3 fcff | ff8b 7210 | 4883 fe00 | 0f84 28fd | ffff 4889 

  0x00000211ebb4e898: ;   {runtime_call g1_pre_barrier_slow}
  0x00000211ebb4e898: 3424 e8e1 | 7559 07e9 | 1afd ffff | 4983 f800 | 0f84 2bfd | ffff 4889 

  0x00000211ebb4e8b0: ;   {runtime_call g1_post_barrier_slow}
  0x00000211ebb4e8b0: 1424 e8c9 | 7859 07e9 | 1dfd ffff 

  0x00000211ebb4e8bc: ;   {metadata({method} {0x00000211811a2258} 'requireNonNull' '(Ljava/lang/Object;)Ljava/lang/Object;' in 'java/util/Objects')}
  0x00000211ebb4e8bc: 49ba 5022 | 1a81 1102 | 0000 4c89 | 5424 0848 | c704 24ff 

  0x00000211ebb4e8d0: ;   {runtime_call counter_overflow Runtime1 stub}
  0x00000211ebb4e8d0: ffff ffe8 

  0x00000211ebb4e8d4: ; ImmutableOopMap {rdx=Oop r9=Oop [48]=Oop }
                      ;*synchronization entry
                      ; - java.util.Objects::requireNonNull@-1 (line 232)
                      ; - java.lang.invoke.MethodHandle::<init>@17 (line 480)
  0x00000211ebb4e8d4: a86f 5907 | e935 fdff 

  0x00000211ebb4e8dc: ;   {runtime_call throw_null_pointer_exception Runtime1 stub}
  0x00000211ebb4e8dc: ffe8 9e1e 

  0x00000211ebb4e8e0: ; ImmutableOopMap {r9=Oop [48]=Oop }
                      ;*invokevirtual uncustomize {reexecute=0 rethrow=0 return_oop=0}
                      ; - java.lang.invoke.MethodHandle::<init>@23 (line 480)
  0x00000211ebb4e8e0: 5907 8b72 | 1448 83fe | 000f 84a7 | fdff ff48 

  0x00000211ebb4e8f0: ;   {runtime_call g1_pre_barrier_slow}
  0x00000211ebb4e8f0: 8934 24e8 | 8875 5907 | e999 fdff | ff48 83f8 | 000f 84aa | fdff ff48 

  0x00000211ebb4e908: ;   {runtime_call g1_post_barrier_slow}
  0x00000211ebb4e908: 8914 24e8 | 7078 5907 | e99c fdff 

  0x00000211ebb4e914: ;   {runtime_call throw_null_pointer_exception Runtime1 stub}
  0x00000211ebb4e914: ffe8 661e 

  0x00000211ebb4e918: ; ImmutableOopMap {rax=Oop }
                      ;*invokevirtual prepare {reexecute=0 rethrow=0 return_oop=0}
                      ; - java.lang.invoke.MethodHandle::<init>@33 (line 482)
                      ;   {internal_word}
  0x00000211ebb4e918: 5907 49ba | f1e6 b4eb | 1102 0000 | 4d89 9768 

  0x00000211ebb4e928: ;   {runtime_call SafepointBlob}
  0x00000211ebb4e928: 0400 00e9 | d06d 4d07 

  0x00000211ebb4e930: ;   {metadata(nullptr)}
  0x00000211ebb4e930: 48ba 0000 | 0000 0000 | 0000 b800 

  0x00000211ebb4e93c: ;   {runtime_call load_klass_patching Runtime1 stub}
  0x00000211ebb4e93c: 0f05 0ae8 

  0x00000211ebb4e940: ; ImmutableOopMap {[48]=Oop }
                      ;*new {reexecute=1 rethrow=0 return_oop=0}
                      ; - (reexecute) java.util.Objects::requireNonNull@4 (line 233)
                      ; - java.lang.invoke.MethodHandle::<init>@17 (line 480)
  0x00000211ebb4e940: bc5e 5907 | e9b7 fdff | ff48 8bd2 

  0x00000211ebb4e94c: ;   {runtime_call fast_new_instance Runtime1 stub}
  0x00000211ebb4e94c: e82f 2759 

  0x00000211ebb4e950: ; ImmutableOopMap {[48]=Oop }
                      ;*new {reexecute=0 rethrow=0 return_oop=0}
                      ; - java.util.Objects::requireNonNull@4 (line 233)
                      ; - java.lang.invoke.MethodHandle::<init>@17 (line 480)
  0x00000211ebb4e950: 07e9 fdfd 

  0x00000211ebb4e954: ;   {metadata(nullptr)}
  0x00000211ebb4e954: ffff 48ba | 0000 0000 | 0000 0000 | b800 0f05 

  0x00000211ebb4e964: ;   {runtime_call load_klass_patching Runtime1 stub}
  0x00000211ebb4e964: 0ae8 965e 

  0x00000211ebb4e968: ; ImmutableOopMap {[48]=Oop [72]=Oop }
                      ;*new {reexecute=1 rethrow=0 return_oop=0}
                      ; - (reexecute) java.util.Objects::requireNonNull@4 (line 233)
                      ; - java.lang.invoke.MethodHandle::<init>@6 (line 479)
  0x00000211ebb4e968: 5907 e929 | feff ff48 

  0x00000211ebb4e970: ;   {runtime_call fast_new_instance Runtime1 stub}
  0x00000211ebb4e970: 8bd2 e809 

  0x00000211ebb4e974: ; ImmutableOopMap {[48]=Oop [72]=Oop }
                      ;*new {reexecute=0 rethrow=0 return_oop=0}
                      ; - java.util.Objects::requireNonNull@4 (line 233)
                      ; - java.lang.invoke.MethodHandle::<init>@6 (line 479)
  0x00000211ebb4e974: 2759 07e9 | 6ffe ffff | 498b 8700 | 0500 0049 | c787 0005 | 0000 0000 | 0000 49c7 | 8708 0500 
  0x00000211ebb4e994: 0000 0000 | 0048 83c4 

  0x00000211ebb4e99c: ;   {runtime_call unwind_exception Runtime1 stub}
  0x00000211ebb4e99c: 605d e9dd | 0e59 07f4 | f4f4 f4f4 
[Stub Code]
  0x00000211ebb4e9a8: ;   {no_reloc}
  0x00000211ebb4e9a8: 0f1f 4400 

  0x00000211ebb4e9ac: ;   {static_stub}
  0x00000211ebb4e9ac: 0048 bb00 | 0000 0000 

  0x00000211ebb4e9b4: ;   {runtime_call}
  0x00000211ebb4e9b4: 0000 00e9 | fbff ffff 

  0x00000211ebb4e9bc: ;   {static_stub}
  0x00000211ebb4e9bc: 9048 bb00 | 0000 0000 

  0x00000211ebb4e9c4: ;   {runtime_call}
  0x00000211ebb4e9c4: 0000 00e9 | fbff ffff 

  0x00000211ebb4e9cc: ;   {static_stub}
  0x00000211ebb4e9cc: 48bb 0000 | 0000 0000 

  0x00000211ebb4e9d4: ;   {runtime_call}
  0x00000211ebb4e9d4: 0000 e9fb 

  0x00000211ebb4e9d8: ;   {runtime_call handle_exception_from_callee Runtime1 stub}
  0x00000211ebb4e9d8: ffff ffe8 | a03b 5907 

  0x00000211ebb4e9e0: ;   {external_word}
  0x00000211ebb4e9e0: 48b9 c0b4 | 1b36 fa7f | 0000 4883 

  0x00000211ebb4e9ec: ;   {runtime_call}
  0x00000211ebb4e9ec: e4f0 48b8 | c050 de35 | fa7f 0000 

  0x00000211ebb4e9f8: ;   {section_word}
  0x00000211ebb4e9f8: ffd0 f449 | bafb e9b4 | eb11 0200 

  0x00000211ebb4ea04: ;   {runtime_call DeoptimizationBlob}
  0x00000211ebb4ea04: 0041 52e9 | 945f 4d07 | f4f4 f4f4 
[/MachCode]


---------------  P R O C E S S  ---------------

Threads class SMR info:
_java_thread_list=0x0000021180354cd0, length=11, elements={
0x00000211e593fe40, 0x00000211801ab2f0, 0x00000211801b0130, 0x00000211801b8170,
0x00000211801b4110, 0x00000211801b4780, 0x00000211801b51e0, 0x000002118018f680,
0x0000021180190120, 0x0000021180364910, 0x0000021180385960
}

Java Threads: ( => current thread )
=>0x00000211e593fe40 JavaThread "main"                              [_thread_in_vm, id=12852, stack(0x000000bb23d00000,0x000000bb23e00000) (1024K)]
  0x00000211801ab2f0 JavaThread "Reference Handler"          daemon [_thread_blocked, id=9252, stack(0x000000bb24500000,0x000000bb24600000) (1024K)]
  0x00000211801b0130 JavaThread "Finalizer"                  daemon [_thread_blocked, id=6920, stack(0x000000bb24600000,0x000000bb24700000) (1024K)]
  0x00000211801b8170 JavaThread "Signal Dispatcher"          daemon [_thread_blocked, id=11228, stack(0x000000bb24700000,0x000000bb24800000) (1024K)]
  0x00000211801b4110 JavaThread "Attach Listener"            daemon [_thread_blocked, id=6124, stack(0x000000bb24800000,0x000000bb24900000) (1024K)]
  0x00000211801b4780 JavaThread "Service Thread"             daemon [_thread_blocked, id=9628, stack(0x000000bb24900000,0x000000bb24a00000) (1024K)]
  0x00000211801b51e0 JavaThread "Monitor Deflation Thread"   daemon [_thread_blocked, id=9256, stack(0x000000bb24a00000,0x000000bb24b00000) (1024K)]
  0x000002118018f680 JavaThread "C2 CompilerThread0"         daemon [_thread_in_native, id=9696, stack(0x000000bb24b00000,0x000000bb24c00000) (1024K)]
  0x0000021180190120 JavaThread "C1 CompilerThread0"         daemon [_thread_blocked, id=10248, stack(0x000000bb24c00000,0x000000bb24d00000) (1024K)]
  0x0000021180364910 JavaThread "Notification Thread"        daemon [_thread_blocked, id=1020, stack(0x000000bb24d00000,0x000000bb24e00000) (1024K)]
  0x0000021180385960 JavaThread "Common-Cleaner"             daemon [_thread_blocked, id=2808, stack(0x000000bb24e00000,0x000000bb24f00000) (1024K)]
Total: 11

Other Threads:
  0x0000021180138770 VMThread "VM Thread"                           [id=7332, stack(0x000000bb24400000,0x000000bb24500000) (1024K)]
  0x00000211fff6add0 WatcherThread "VM Periodic Task Thread"        [id=8484, stack(0x000000bb24300000,0x000000bb24400000) (1024K)]
  0x00000211e7bd5c70 WorkerThread "GC Thread#0"                     [id=10968, stack(0x000000bb23e00000,0x000000bb23f00000) (1024K)]
  0x00000211e7be77f0 ConcurrentGCThread "G1 Main Marker"            [id=12772, stack(0x000000bb23f00000,0x000000bb24000000) (1024K)]
  0x00000211e7be83b0 WorkerThread "G1 Conc#0"                       [id=12792, stack(0x000000bb24000000,0x000000bb24100000) (1024K)]
  0x00000211e7c4e270 ConcurrentGCThread "G1 Refine#0"               [id=2560, stack(0x000000bb24100000,0x000000bb24200000) (1024K)]
  0x00000211ffe2c110 ConcurrentGCThread "G1 Service"                [id=13264, stack(0x000000bb24200000,0x000000bb24300000) (1024K)]
Total: 7

Threads with active compile tasks:
C2 CompilerThread0      844  599       4       java.lang.StringLatin1::newString (24 bytes)
Total: 1

VM state: not at safepoint (normal execution)

VM Mutex/Monitor currently owned by a thread:  ([mutex/lock_event])
[0x00007ffa3646f558] Metaspace_lock - owner thread: 0x00000211e593fe40

Heap address: 0x0000000081c00000, size: 2020 MB, Compressed Oops mode: 32-bit

CDS archive(s) not mapped
Compressed class space mapped at: 0x0000000100000000-0x0000000140000000, reserved size: 1073741824
Narrow klass base: 0x0000000000000000, Narrow klass shift: 3, Narrow klass range: 0x140000000

GC Precious Log:
 CardTable entry size: 512
 Card Set container configuration: InlinePtr #cards 5 size 8 Array Of Cards #cards 12 size 40 Howl #buckets 4 coarsen threshold 1843 Howl Bitmap #cards 512 size 80 coarsen threshold 460 Card regions per heap region 1 cards per card region 2048
 CPUs: 8 total, 8 available
 Memory: 8072M
 Large Page Support: Disabled
 NUMA Support: Disabled
 Compressed Oops: Enabled (32-bit)
 Heap Region Size: 1M
 Heap Min Capacity: 8M
 Heap Initial Capacity: 128M
 Heap Max Capacity: 2020M
 Pre-touch: Disabled
 Parallel Workers: 8
 Concurrent Workers: 2
 Concurrent Refinement Workers: 8
 Periodic GC: Disabled

Heap:
 garbage-first heap   total 131072K, used 6144K [0x0000000081c00000, 0x0000000100000000)
  region size 1024K, 7 young (7168K), 0 survivors (0K)
 Metaspace       used 12215K, committed 12352K, reserved 1114112K
  class space    used 1103K, committed 1152K, reserved 1048576K

Heap Regions: E=young(eden), S=young(survivor), O=old, HS=humongous(starts), HC=humongous(continues), CS=collection set, F=free, TAMS=top-at-mark-start, PB=parsable bottom
|   0|0x0000000081c00000, 0x0000000081c00000, 0x0000000081d00000|  0%| F|  |TAMS 0x0000000081c00000| PB 0x0000000081c00000| Untracked 
|   1|0x0000000081d00000, 0x0000000081d00000, 0x0000000081e00000|  0%| F|  |TAMS 0x0000000081d00000| PB 0x0000000081d00000| Untracked 
|   2|0x0000000081e00000, 0x0000000081e00000, 0x0000000081f00000|  0%| F|  |TAMS 0x0000000081e00000| PB 0x0000000081e00000| Untracked 
|   3|0x0000000081f00000, 0x0000000081f00000, 0x0000000082000000|  0%| F|  |TAMS 0x0000000081f00000| PB 0x0000000081f00000| Untracked 
|   4|0x0000000082000000, 0x0000000082000000, 0x0000000082100000|  0%| F|  |TAMS 0x0000000082000000| PB 0x0000000082000000| Untracked 
|   5|0x0000000082100000, 0x0000000082100000, 0x0000000082200000|  0%| F|  |TAMS 0x0000000082100000| PB 0x0000000082100000| Untracked 
|   6|0x0000000082200000, 0x0000000082200000, 0x0000000082300000|  0%| F|  |TAMS 0x0000000082200000| PB 0x0000000082200000| Untracked 
|   7|0x0000000082300000, 0x0000000082300000, 0x0000000082400000|  0%| F|  |TAMS 0x0000000082300000| PB 0x0000000082300000| Untracked 
|   8|0x0000000082400000, 0x0000000082400000, 0x0000000082500000|  0%| F|  |TAMS 0x0000000082400000| PB 0x0000000082400000| Untracked 
|   9|0x0000000082500000, 0x0000000082500000, 0x0000000082600000|  0%| F|  |TAMS 0x0000000082500000| PB 0x0000000082500000| Untracked 
|  10|0x0000000082600000, 0x0000000082600000, 0x0000000082700000|  0%| F|  |TAMS 0x0000000082600000| PB 0x0000000082600000| Untracked 
|  11|0x0000000082700000, 0x0000000082700000, 0x0000000082800000|  0%| F|  |TAMS 0x0000000082700000| PB 0x0000000082700000| Untracked 
|  12|0x0000000082800000, 0x0000000082800000, 0x0000000082900000|  0%| F|  |TAMS 0x0000000082800000| PB 0x0000000082800000| Untracked 
|  13|0x0000000082900000, 0x0000000082900000, 0x0000000082a00000|  0%| F|  |TAMS 0x0000000082900000| PB 0x0000000082900000| Untracked 
|  14|0x0000000082a00000, 0x0000000082a00000, 0x0000000082b00000|  0%| F|  |TAMS 0x0000000082a00000| PB 0x0000000082a00000| Untracked 
|  15|0x0000000082b00000, 0x0000000082b00000, 0x0000000082c00000|  0%| F|  |TAMS 0x0000000082b00000| PB 0x0000000082b00000| Untracked 
|  16|0x0000000082c00000, 0x0000000082c00000, 0x0000000082d00000|  0%| F|  |TAMS 0x0000000082c00000| PB 0x0000000082c00000| Untracked 
|  17|0x0000000082d00000, 0x0000000082d00000, 0x0000000082e00000|  0%| F|  |TAMS 0x0000000082d00000| PB 0x0000000082d00000| Untracked 
|  18|0x0000000082e00000, 0x0000000082e00000, 0x0000000082f00000|  0%| F|  |TAMS 0x0000000082e00000| PB 0x0000000082e00000| Untracked 
|  19|0x0000000082f00000, 0x0000000082f00000, 0x0000000083000000|  0%| F|  |TAMS 0x0000000082f00000| PB 0x0000000082f00000| Untracked 
|  20|0x0000000083000000, 0x0000000083000000, 0x0000000083100000|  0%| F|  |TAMS 0x0000000083000000| PB 0x0000000083000000| Untracked 
|  21|0x0000000083100000, 0x0000000083100000, 0x0000000083200000|  0%| F|  |TAMS 0x0000000083100000| PB 0x0000000083100000| Untracked 
|  22|0x0000000083200000, 0x0000000083200000, 0x0000000083300000|  0%| F|  |TAMS 0x0000000083200000| PB 0x0000000083200000| Untracked 
|  23|0x0000000083300000, 0x0000000083300000, 0x0000000083400000|  0%| F|  |TAMS 0x0000000083300000| PB 0x0000000083300000| Untracked 
|  24|0x0000000083400000, 0x0000000083400000, 0x0000000083500000|  0%| F|  |TAMS 0x0000000083400000| PB 0x0000000083400000| Untracked 
|  25|0x0000000083500000, 0x0000000083500000, 0x0000000083600000|  0%| F|  |TAMS 0x0000000083500000| PB 0x0000000083500000| Untracked 
|  26|0x0000000083600000, 0x0000000083600000, 0x0000000083700000|  0%| F|  |TAMS 0x0000000083600000| PB 0x0000000083600000| Untracked 
|  27|0x0000000083700000, 0x0000000083700000, 0x0000000083800000|  0%| F|  |TAMS 0x0000000083700000| PB 0x0000000083700000| Untracked 
|  28|0x0000000083800000, 0x0000000083800000, 0x0000000083900000|  0%| F|  |TAMS 0x0000000083800000| PB 0x0000000083800000| Untracked 
|  29|0x0000000083900000, 0x0000000083900000, 0x0000000083a00000|  0%| F|  |TAMS 0x0000000083900000| PB 0x0000000083900000| Untracked 
|  30|0x0000000083a00000, 0x0000000083a00000, 0x0000000083b00000|  0%| F|  |TAMS 0x0000000083a00000| PB 0x0000000083a00000| Untracked 
|  31|0x0000000083b00000, 0x0000000083b00000, 0x0000000083c00000|  0%| F|  |TAMS 0x0000000083b00000| PB 0x0000000083b00000| Untracked 
|  32|0x0000000083c00000, 0x0000000083c00000, 0x0000000083d00000|  0%| F|  |TAMS 0x0000000083c00000| PB 0x0000000083c00000| Untracked 
|  33|0x0000000083d00000, 0x0000000083d00000, 0x0000000083e00000|  0%| F|  |TAMS 0x0000000083d00000| PB 0x0000000083d00000| Untracked 
|  34|0x0000000083e00000, 0x0000000083e00000, 0x0000000083f00000|  0%| F|  |TAMS 0x0000000083e00000| PB 0x0000000083e00000| Untracked 
|  35|0x0000000083f00000, 0x0000000083f00000, 0x0000000084000000|  0%| F|  |TAMS 0x0000000083f00000| PB 0x0000000083f00000| Untracked 
|  36|0x0000000084000000, 0x0000000084000000, 0x0000000084100000|  0%| F|  |TAMS 0x0000000084000000| PB 0x0000000084000000| Untracked 
|  37|0x0000000084100000, 0x0000000084100000, 0x0000000084200000|  0%| F|  |TAMS 0x0000000084100000| PB 0x0000000084100000| Untracked 
|  38|0x0000000084200000, 0x0000000084200000, 0x0000000084300000|  0%| F|  |TAMS 0x0000000084200000| PB 0x0000000084200000| Untracked 
|  39|0x0000000084300000, 0x0000000084300000, 0x0000000084400000|  0%| F|  |TAMS 0x0000000084300000| PB 0x0000000084300000| Untracked 
|  40|0x0000000084400000, 0x0000000084400000, 0x0000000084500000|  0%| F|  |TAMS 0x0000000084400000| PB 0x0000000084400000| Untracked 
|  41|0x0000000084500000, 0x0000000084500000, 0x0000000084600000|  0%| F|  |TAMS 0x0000000084500000| PB 0x0000000084500000| Untracked 
|  42|0x0000000084600000, 0x0000000084600000, 0x0000000084700000|  0%| F|  |TAMS 0x0000000084600000| PB 0x0000000084600000| Untracked 
|  43|0x0000000084700000, 0x0000000084700000, 0x0000000084800000|  0%| F|  |TAMS 0x0000000084700000| PB 0x0000000084700000| Untracked 
|  44|0x0000000084800000, 0x0000000084800000, 0x0000000084900000|  0%| F|  |TAMS 0x0000000084800000| PB 0x0000000084800000| Untracked 
|  45|0x0000000084900000, 0x0000000084900000, 0x0000000084a00000|  0%| F|  |TAMS 0x0000000084900000| PB 0x0000000084900000| Untracked 
|  46|0x0000000084a00000, 0x0000000084a00000, 0x0000000084b00000|  0%| F|  |TAMS 0x0000000084a00000| PB 0x0000000084a00000| Untracked 
|  47|0x0000000084b00000, 0x0000000084b00000, 0x0000000084c00000|  0%| F|  |TAMS 0x0000000084b00000| PB 0x0000000084b00000| Untracked 
|  48|0x0000000084c00000, 0x0000000084c00000, 0x0000000084d00000|  0%| F|  |TAMS 0x0000000084c00000| PB 0x0000000084c00000| Untracked 
|  49|0x0000000084d00000, 0x0000000084d00000, 0x0000000084e00000|  0%| F|  |TAMS 0x0000000084d00000| PB 0x0000000084d00000| Untracked 
|  50|0x0000000084e00000, 0x0000000084e00000, 0x0000000084f00000|  0%| F|  |TAMS 0x0000000084e00000| PB 0x0000000084e00000| Untracked 
|  51|0x0000000084f00000, 0x0000000084f00000, 0x0000000085000000|  0%| F|  |TAMS 0x0000000084f00000| PB 0x0000000084f00000| Untracked 
|  52|0x0000000085000000, 0x0000000085000000, 0x0000000085100000|  0%| F|  |TAMS 0x0000000085000000| PB 0x0000000085000000| Untracked 
|  53|0x0000000085100000, 0x0000000085100000, 0x0000000085200000|  0%| F|  |TAMS 0x0000000085100000| PB 0x0000000085100000| Untracked 
|  54|0x0000000085200000, 0x0000000085200000, 0x0000000085300000|  0%| F|  |TAMS 0x0000000085200000| PB 0x0000000085200000| Untracked 
|  55|0x0000000085300000, 0x0000000085300000, 0x0000000085400000|  0%| F|  |TAMS 0x0000000085300000| PB 0x0000000085300000| Untracked 
|  56|0x0000000085400000, 0x0000000085400000, 0x0000000085500000|  0%| F|  |TAMS 0x0000000085400000| PB 0x0000000085400000| Untracked 
|  57|0x0000000085500000, 0x0000000085500000, 0x0000000085600000|  0%| F|  |TAMS 0x0000000085500000| PB 0x0000000085500000| Untracked 
|  58|0x0000000085600000, 0x0000000085600000, 0x0000000085700000|  0%| F|  |TAMS 0x0000000085600000| PB 0x0000000085600000| Untracked 
|  59|0x0000000085700000, 0x0000000085700000, 0x0000000085800000|  0%| F|  |TAMS 0x0000000085700000| PB 0x0000000085700000| Untracked 
|  60|0x0000000085800000, 0x0000000085800000, 0x0000000085900000|  0%| F|  |TAMS 0x0000000085800000| PB 0x0000000085800000| Untracked 
|  61|0x0000000085900000, 0x0000000085900000, 0x0000000085a00000|  0%| F|  |TAMS 0x0000000085900000| PB 0x0000000085900000| Untracked 
|  62|0x0000000085a00000, 0x0000000085a00000, 0x0000000085b00000|  0%| F|  |TAMS 0x0000000085a00000| PB 0x0000000085a00000| Untracked 
|  63|0x0000000085b00000, 0x0000000085b00000, 0x0000000085c00000|  0%| F|  |TAMS 0x0000000085b00000| PB 0x0000000085b00000| Untracked 
|  64|0x0000000085c00000, 0x0000000085c00000, 0x0000000085d00000|  0%| F|  |TAMS 0x0000000085c00000| PB 0x0000000085c00000| Untracked 
|  65|0x0000000085d00000, 0x0000000085d00000, 0x0000000085e00000|  0%| F|  |TAMS 0x0000000085d00000| PB 0x0000000085d00000| Untracked 
|  66|0x0000000085e00000, 0x0000000085e00000, 0x0000000085f00000|  0%| F|  |TAMS 0x0000000085e00000| PB 0x0000000085e00000| Untracked 
|  67|0x0000000085f00000, 0x0000000085f00000, 0x0000000086000000|  0%| F|  |TAMS 0x0000000085f00000| PB 0x0000000085f00000| Untracked 
|  68|0x0000000086000000, 0x0000000086000000, 0x0000000086100000|  0%| F|  |TAMS 0x0000000086000000| PB 0x0000000086000000| Untracked 
|  69|0x0000000086100000, 0x0000000086100000, 0x0000000086200000|  0%| F|  |TAMS 0x0000000086100000| PB 0x0000000086100000| Untracked 
|  70|0x0000000086200000, 0x0000000086200000, 0x0000000086300000|  0%| F|  |TAMS 0x0000000086200000| PB 0x0000000086200000| Untracked 
|  71|0x0000000086300000, 0x0000000086300000, 0x0000000086400000|  0%| F|  |TAMS 0x0000000086300000| PB 0x0000000086300000| Untracked 
|  72|0x0000000086400000, 0x0000000086400000, 0x0000000086500000|  0%| F|  |TAMS 0x0000000086400000| PB 0x0000000086400000| Untracked 
|  73|0x0000000086500000, 0x0000000086500000, 0x0000000086600000|  0%| F|  |TAMS 0x0000000086500000| PB 0x0000000086500000| Untracked 
|  74|0x0000000086600000, 0x0000000086600000, 0x0000000086700000|  0%| F|  |TAMS 0x0000000086600000| PB 0x0000000086600000| Untracked 
|  75|0x0000000086700000, 0x0000000086700000, 0x0000000086800000|  0%| F|  |TAMS 0x0000000086700000| PB 0x0000000086700000| Untracked 
|  76|0x0000000086800000, 0x0000000086800000, 0x0000000086900000|  0%| F|  |TAMS 0x0000000086800000| PB 0x0000000086800000| Untracked 
|  77|0x0000000086900000, 0x0000000086900000, 0x0000000086a00000|  0%| F|  |TAMS 0x0000000086900000| PB 0x0000000086900000| Untracked 
|  78|0x0000000086a00000, 0x0000000086a00000, 0x0000000086b00000|  0%| F|  |TAMS 0x0000000086a00000| PB 0x0000000086a00000| Untracked 
|  79|0x0000000086b00000, 0x0000000086b00000, 0x0000000086c00000|  0%| F|  |TAMS 0x0000000086b00000| PB 0x0000000086b00000| Untracked 
|  80|0x0000000086c00000, 0x0000000086c00000, 0x0000000086d00000|  0%| F|  |TAMS 0x0000000086c00000| PB 0x0000000086c00000| Untracked 
|  81|0x0000000086d00000, 0x0000000086d00000, 0x0000000086e00000|  0%| F|  |TAMS 0x0000000086d00000| PB 0x0000000086d00000| Untracked 
|  82|0x0000000086e00000, 0x0000000086e00000, 0x0000000086f00000|  0%| F|  |TAMS 0x0000000086e00000| PB 0x0000000086e00000| Untracked 
|  83|0x0000000086f00000, 0x0000000086f00000, 0x0000000087000000|  0%| F|  |TAMS 0x0000000086f00000| PB 0x0000000086f00000| Untracked 
|  84|0x0000000087000000, 0x0000000087000000, 0x0000000087100000|  0%| F|  |TAMS 0x0000000087000000| PB 0x0000000087000000| Untracked 
|  85|0x0000000087100000, 0x0000000087100000, 0x0000000087200000|  0%| F|  |TAMS 0x0000000087100000| PB 0x0000000087100000| Untracked 
|  86|0x0000000087200000, 0x0000000087200000, 0x0000000087300000|  0%| F|  |TAMS 0x0000000087200000| PB 0x0000000087200000| Untracked 
|  87|0x0000000087300000, 0x0000000087300000, 0x0000000087400000|  0%| F|  |TAMS 0x0000000087300000| PB 0x0000000087300000| Untracked 
|  88|0x0000000087400000, 0x0000000087400000, 0x0000000087500000|  0%| F|  |TAMS 0x0000000087400000| PB 0x0000000087400000| Untracked 
|  89|0x0000000087500000, 0x0000000087500000, 0x0000000087600000|  0%| F|  |TAMS 0x0000000087500000| PB 0x0000000087500000| Untracked 
|  90|0x0000000087600000, 0x0000000087600000, 0x0000000087700000|  0%| F|  |TAMS 0x0000000087600000| PB 0x0000000087600000| Untracked 
|  91|0x0000000087700000, 0x0000000087700000, 0x0000000087800000|  0%| F|  |TAMS 0x0000000087700000| PB 0x0000000087700000| Untracked 
|  92|0x0000000087800000, 0x0000000087800000, 0x0000000087900000|  0%| F|  |TAMS 0x0000000087800000| PB 0x0000000087800000| Untracked 
|  93|0x0000000087900000, 0x0000000087900000, 0x0000000087a00000|  0%| F|  |TAMS 0x0000000087900000| PB 0x0000000087900000| Untracked 
|  94|0x0000000087a00000, 0x0000000087a00000, 0x0000000087b00000|  0%| F|  |TAMS 0x0000000087a00000| PB 0x0000000087a00000| Untracked 
|  95|0x0000000087b00000, 0x0000000087b00000, 0x0000000087c00000|  0%| F|  |TAMS 0x0000000087b00000| PB 0x0000000087b00000| Untracked 
|  96|0x0000000087c00000, 0x0000000087c00000, 0x0000000087d00000|  0%| F|  |TAMS 0x0000000087c00000| PB 0x0000000087c00000| Untracked 
|  97|0x0000000087d00000, 0x0000000087d00000, 0x0000000087e00000|  0%| F|  |TAMS 0x0000000087d00000| PB 0x0000000087d00000| Untracked 
|  98|0x0000000087e00000, 0x0000000087e00000, 0x0000000087f00000|  0%| F|  |TAMS 0x0000000087e00000| PB 0x0000000087e00000| Untracked 
|  99|0x0000000087f00000, 0x0000000087f00000, 0x0000000088000000|  0%| F|  |TAMS 0x0000000087f00000| PB 0x0000000087f00000| Untracked 
| 100|0x0000000088000000, 0x0000000088000000, 0x0000000088100000|  0%| F|  |TAMS 0x0000000088000000| PB 0x0000000088000000| Untracked 
| 101|0x0000000088100000, 0x0000000088100000, 0x0000000088200000|  0%| F|  |TAMS 0x0000000088100000| PB 0x0000000088100000| Untracked 
| 102|0x0000000088200000, 0x0000000088200000, 0x0000000088300000|  0%| F|  |TAMS 0x0000000088200000| PB 0x0000000088200000| Untracked 
| 103|0x0000000088300000, 0x0000000088300000, 0x0000000088400000|  0%| F|  |TAMS 0x0000000088300000| PB 0x0000000088300000| Untracked 
| 104|0x0000000088400000, 0x0000000088400000, 0x0000000088500000|  0%| F|  |TAMS 0x0000000088400000| PB 0x0000000088400000| Untracked 
| 105|0x0000000088500000, 0x0000000088500000, 0x0000000088600000|  0%| F|  |TAMS 0x0000000088500000| PB 0x0000000088500000| Untracked 
| 106|0x0000000088600000, 0x0000000088600000, 0x0000000088700000|  0%| F|  |TAMS 0x0000000088600000| PB 0x0000000088600000| Untracked 
| 107|0x0000000088700000, 0x0000000088700000, 0x0000000088800000|  0%| F|  |TAMS 0x0000000088700000| PB 0x0000000088700000| Untracked 
| 108|0x0000000088800000, 0x0000000088800000, 0x0000000088900000|  0%| F|  |TAMS 0x0000000088800000| PB 0x0000000088800000| Untracked 
| 109|0x0000000088900000, 0x0000000088900000, 0x0000000088a00000|  0%| F|  |TAMS 0x0000000088900000| PB 0x0000000088900000| Untracked 
| 110|0x0000000088a00000, 0x0000000088a00000, 0x0000000088b00000|  0%| F|  |TAMS 0x0000000088a00000| PB 0x0000000088a00000| Untracked 
| 111|0x0000000088b00000, 0x0000000088b00000, 0x0000000088c00000|  0%| F|  |TAMS 0x0000000088b00000| PB 0x0000000088b00000| Untracked 
| 112|0x0000000088c00000, 0x0000000088c00000, 0x0000000088d00000|  0%| F|  |TAMS 0x0000000088c00000| PB 0x0000000088c00000| Untracked 
| 113|0x0000000088d00000, 0x0000000088d00000, 0x0000000088e00000|  0%| F|  |TAMS 0x0000000088d00000| PB 0x0000000088d00000| Untracked 
| 114|0x0000000088e00000, 0x0000000088e00000, 0x0000000088f00000|  0%| F|  |TAMS 0x0000000088e00000| PB 0x0000000088e00000| Untracked 
| 115|0x0000000088f00000, 0x0000000088f00000, 0x0000000089000000|  0%| F|  |TAMS 0x0000000088f00000| PB 0x0000000088f00000| Untracked 
| 116|0x0000000089000000, 0x0000000089000000, 0x0000000089100000|  0%| F|  |TAMS 0x0000000089000000| PB 0x0000000089000000| Untracked 
| 117|0x0000000089100000, 0x0000000089100000, 0x0000000089200000|  0%| F|  |TAMS 0x0000000089100000| PB 0x0000000089100000| Untracked 
| 118|0x0000000089200000, 0x0000000089200000, 0x0000000089300000|  0%| F|  |TAMS 0x0000000089200000| PB 0x0000000089200000| Untracked 
| 119|0x0000000089300000, 0x0000000089300000, 0x0000000089400000|  0%| F|  |TAMS 0x0000000089300000| PB 0x0000000089300000| Untracked 
| 120|0x0000000089400000, 0x0000000089400000, 0x0000000089500000|  0%| F|  |TAMS 0x0000000089400000| PB 0x0000000089400000| Untracked 
| 121|0x0000000089500000, 0x00000000895ec478, 0x0000000089600000| 92%| E|  |TAMS 0x0000000089500000| PB 0x0000000089500000| Complete 
| 122|0x0000000089600000, 0x0000000089700000, 0x0000000089700000|100%| E|CS|TAMS 0x0000000089600000| PB 0x0000000089600000| Complete 
| 123|0x0000000089700000, 0x0000000089800000, 0x0000000089800000|100%| E|CS|TAMS 0x0000000089700000| PB 0x0000000089700000| Complete 
| 124|0x0000000089800000, 0x0000000089900000, 0x0000000089900000|100%| E|CS|TAMS 0x0000000089800000| PB 0x0000000089800000| Complete 
| 125|0x0000000089900000, 0x0000000089a00000, 0x0000000089a00000|100%| E|CS|TAMS 0x0000000089900000| PB 0x0000000089900000| Complete 
| 126|0x0000000089a00000, 0x0000000089b00000, 0x0000000089b00000|100%| E|CS|TAMS 0x0000000089a00000| PB 0x0000000089a00000| Complete 
| 127|0x0000000089b00000, 0x0000000089c00000, 0x0000000089c00000|100%| E|CS|TAMS 0x0000000089b00000| PB 0x0000000089b00000| Complete 

Card table byte_map: [0x00000211fb1d0000,0x00000211fb5d0000] _byte_map_base: 0x00000211fadc2000

Marking Bits: (CMBitMap*) 0x00000211e7bd7290
 Bits: [0x00000211fb5d0000, 0x00000211fd560000)

Polling page: 0x00000211e7350000

Metaspace:

Usage:
  Non-class:     10.85 MB used.
      Class:      1.08 MB used.
       Both:     11.93 MB used.

Virtual space:
  Non-class space:       64.00 MB reserved,      10.94 MB ( 17%) committed,  1 nodes.
      Class space:        1.00 GB reserved,       1.12 MB ( <1%) committed,  1 nodes.
             Both:        1.06 GB reserved,      12.06 MB (  1%) committed. 

Chunk freelists:
   Non-Class:  4.58 MB
       Class:  14.69 MB
        Both:  19.27 MB

MaxMetaspaceSize: unlimited
CompressedClassSpaceSize: 1.00 GB
Initial GC threshold: 21.00 MB
Current GC threshold: 21.00 MB
CDS: off
 - commit_granule_bytes: 65536.
 - commit_granule_words: 8192.
 - virtual_space_node_default_size: 8388608.
 - enlarge_chunks_in_place: 1.
 - use_allocation_guard: 0.


Internal statistics:

num_allocs_failed_limit: 0.
num_arena_births: 134.
num_arena_deaths: 0.
num_vsnodes_births: 2.
num_vsnodes_deaths: 0.
num_space_committed: 193.
num_space_uncommitted: 0.
num_chunks_returned_to_freelist: 0.
num_chunks_taken_from_freelist: 202.
num_chunk_merges: 0.
num_chunk_splits: 122.
num_chunks_enlarged: 64.
num_inconsistent_stats: 0.

CodeHeap 'non-profiled nmethods': size=120000Kb used=191Kb max_used=191Kb free=119808Kb
 bounds [0x00000211f3570000, 0x00000211f37e0000, 0x00000211faaa0000]
CodeHeap 'profiled nmethods': size=120000Kb used=949Kb max_used=949Kb free=119050Kb
 bounds [0x00000211ebaa0000, 0x00000211ebd10000, 0x00000211f2fd0000]
CodeHeap 'non-nmethods': size=5760Kb used=1352Kb max_used=1367Kb free=4407Kb
 bounds [0x00000211f2fd0000, 0x00000211f3240000, 0x00000211f3570000]
 total_blobs=1092 nmethods=633 adapters=364
 compilation: enabled
              stopped_count=0, restarted_count=0
 full_count=0

Compilation events (20 events):
Event: 0.756 Thread 0x000002118018f680 nmethod 614 0x00000211f359db90 code [0x00000211f359dd20, 0x00000211f359ddc8]
Event: 0.756 Thread 0x0000021180190120  618       3       java.util.ImmutableCollections$List12::get (35 bytes)
Event: 0.756 Thread 0x000002118018f680  603       4       java.nio.Buffer::session (20 bytes)
Event: 0.756 Thread 0x0000021180190120 nmethod 618 0x00000211ebb8a810 code [0x00000211ebb8a9c0, 0x00000211ebb8ac60]
Event: 0.756 Thread 0x0000021180190120  619       3       java.lang.invoke.MethodHandles$Lookup::isClassAccessible (53 bytes)
Event: 0.756 Thread 0x000002118018f680 nmethod 603 0x00000211f359e490 code [0x00000211f359e620, 0x00000211f359e6d0]
Event: 0.756 Thread 0x000002118018f680  599       4       java.lang.StringLatin1::newString (24 bytes)
Event: 0.756 Thread 0x0000021180190120 nmethod 619 0x00000211ebb8ad10 code [0x00000211ebb8af20, 0x00000211ebb8b4e0]
Event: 0.756 Thread 0x0000021180190120  622       3       jdk.internal.org.objectweb.asm.ByteVector::put11 (52 bytes)
Event: 0.757 Thread 0x0000021180190120 nmethod 622 0x00000211ebb8b710 code [0x00000211ebb8b8c0, 0x00000211ebb8bad0]
Event: 0.757 Thread 0x0000021180190120  626       3       java.lang.Long::<init> (10 bytes)
Event: 0.757 Thread 0x0000021180190120 nmethod 626 0x00000211ebb8bc10 code [0x00000211ebb8bdc0, 0x00000211ebb8bf88]
Event: 0.757 Thread 0x0000021180190120  628       3       java.lang.invoke.LambdaForm$Name::isParam (13 bytes)
Event: 0.757 Thread 0x0000021180190120 nmethod 628 0x00000211ebb8c090 code [0x00000211ebb8c220, 0x00000211ebb8c388]
Event: 0.757 Thread 0x0000021180190120  630       3       jdk.internal.org.objectweb.asm.Frame::<init> (10 bytes)
Event: 0.757 Thread 0x0000021180190120 nmethod 630 0x00000211ebb8c410 code [0x00000211ebb8c5c0, 0x00000211ebb8c778]
Event: 0.757 Thread 0x0000021180190120  633       3       java.lang.invoke.LambdaForm$NamedFunction::returnType (11 bytes)
Event: 0.758 Thread 0x0000021180190120 nmethod 633 0x00000211ebb8c810 code [0x00000211ebb8ca20, 0x00000211ebb8cf78]
Event: 0.758 Thread 0x0000021180190120  634       3       java.lang.invoke.MethodHandleStatics::dumper (4 bytes)
Event: 0.758 Thread 0x0000021180190120 nmethod 634 0x00000211ebb8d210 code [0x00000211ebb8d3a0, 0x00000211ebb8d498]

GC Heap History (0 events):
No events

Dll operation events (2 events):
Event: 0.007 Loaded shared library C:\Program Files\JetBrains\PyCharm Community Edition 2024.2\jbr\bin\java.dll
Event: 0.015 Loaded shared library C:\Program Files\JetBrains\PyCharm Community Edition 2024.2\jbr\bin\zip.dll

Deoptimization events (4 events):
Event: 0.729 Thread 0x00000211e593fe40 DEOPT PACKING pc=0x00000211ebab9b78 sp=0x000000bb23dfbee0
Event: 0.729 Thread 0x00000211e593fe40 DEOPT UNPACKING pc=0x00000211f3024e42 sp=0x000000bb23dfb300 mode 0
Event: 0.752 Thread 0x00000211e593fe40 DEOPT PACKING pc=0x00000211ebab8758 sp=0x000000bb23df8fb0
Event: 0.752 Thread 0x00000211e593fe40 DEOPT UNPACKING pc=0x00000211f3024e42 sp=0x000000bb23df8418 mode 0

Classes loaded (20 events):
Event: 0.741 Loading class jdk/internal/org/objectweb/asm/Edge
Event: 0.741 Loading class jdk/internal/org/objectweb/asm/Edge done
Event: 0.752 Loading class java/util/concurrent/Flow$Subscriber
Event: 0.752 Loading class java/util/concurrent/Flow$Subscriber done
Event: 0.752 Loading class java/util/concurrent/Flow$Subscription
Event: 0.752 Loading class java/util/concurrent/Flow$Subscription done
Event: 0.753 Loading class jdk/internal/foreign/MemorySessionImpl
Event: 0.753 Loading class java/lang/foreign/MemorySegment$Scope
Event: 0.753 Loading class java/lang/foreign/MemorySegment$Scope done
Event: 0.753 Loading class jdk/internal/foreign/MemorySessionImpl done
Event: 0.753 Loading class java/util/concurrent/atomic/AtomicBoolean
Event: 0.753 Loading class java/util/concurrent/atomic/AtomicBoolean done
Event: 0.754 Loading class java/lang/invoke/VarHandleInts$FieldInstanceReadWrite
Event: 0.754 Loading class java/lang/invoke/VarHandleInts$FieldInstanceReadOnly
Event: 0.754 Loading class java/lang/invoke/VarHandleInts$FieldInstanceReadOnly done
Event: 0.754 Loading class java/lang/invoke/VarHandleInts$FieldInstanceReadWrite done
Event: 0.757 Loading class java/lang/Long$LongCache
Event: 0.757 Loading class java/lang/Long$LongCache done
Event: 0.757 Loading class java/lang/invoke/BoundMethodHandle$Species_LJ
Event: 0.757 Loading class java/lang/invoke/BoundMethodHandle$Species_LJ done

Classes unloaded (0 events):
No events

Classes redefined (0 events):
No events

Internal exceptions (20 events):
Event: 0.677 Thread 0x00000211e593fe40 Exception <a 'java/lang/NoSuchMethodError'{0x000000008964b530}: 'java.lang.Object java.lang.invoke.DirectMethodHandle$Holder.newInvokeSpecial(java.lang.Object, java.lang.Object, int)'> (0x000000008964b530) 
thrown [s\src\hotspot\share\interpreter\linkResolver.cpp, line 784]
Event: 0.678 Thread 0x00000211e593fe40 Exception <a 'java/lang/NoSuchMethodError'{0x000000008964fe60}: 'int java.lang.invoke.DirectMethodHandle$Holder.invokeStaticInit(java.lang.Object, java.lang.Object, java.lang.Object)'> (0x000000008964fe60) 
thrown [s\src\hotspot\share\interpreter\linkResolver.cpp, line 784]
Event: 0.681 Thread 0x00000211e593fe40 Exception <a 'java/lang/NoSuchMethodError'{0x000000008965e558}: 'int java.lang.invoke.DirectMethodHandle$Holder.invokeSpecial(java.lang.Object, java.lang.Object, java.lang.Object)'> (0x000000008965e558) 
thrown [s\src\hotspot\share\interpreter\linkResolver.cpp, line 784]
Event: 0.682 Thread 0x00000211e593fe40 Exception <a 'java/lang/NoSuchMethodError'{0x0000000089663e90}: 'int java.lang.invoke.DirectMethodHandle$Holder.invokeStaticInit(java.lang.Object, java.lang.Object)'> (0x0000000089663e90) 
thrown [s\src\hotspot\share\interpreter\linkResolver.cpp, line 784]
Event: 0.683 Thread 0x00000211e593fe40 Exception <a 'java/lang/NoSuchMethodError'{0x00000000896696b8}: 'int java.lang.invoke.DirectMethodHandle$Holder.invokeSpecialIFC(java.lang.Object, java.lang.Object, java.lang.Object)'> (0x00000000896696b8) 
thrown [s\src\hotspot\share\interpreter\linkResolver.cpp, line 784]
Event: 0.707 Thread 0x00000211e593fe40 Exception <a 'java/lang/NoSuchMethodError'{0x000000008969c618}: 'java.lang.Object java.lang.invoke.DirectMethodHandle$Holder.invokeStaticInit(java.lang.Object, java.lang.Object, java.lang.Object, java.lang.Object, java.lang.Object, java.lang.Object, java.lang.Object)'> (0x000000008969c618) 
thrown [s\src\hotspot\share\interpreter\linkResolver.cpp, line 784]
Event: 0.709 Thread 0x00000211e593fe40 Exception <a 'java/lang/NoSuchMethodError'{0x00000000896a57f8}: 'java.lang.Object java.lang.invoke.Invokers$Holder.invoke_MT(java.lang.Object, java.lang.Object, java.lang.Object, java.lang.Object, java.lang.Object, java.lang.Object, java.lang.Object, java.lang.Object, java.lang.Object, java.lang.Object)'> (0x00000000896a57f8) 
thrown [s\src\hotspot\share\interpreter\linkResolver.cpp, line 784]
Event: 0.718 Thread 0x00000211e593fe40 Exception <a 'java/lang/NoSuchMethodError'{0x00000000896ba780}: 'void java.lang.invoke.DelegatingMethodHandle$Holder.delegate(java.lang.Object, java.lang.Object, int, java.lang.Object)'> (0x00000000896ba780) 
thrown [s\src\hotspot\share\interpreter\linkResolver.cpp, line 784]
Event: 0.727 Thread 0x00000211e593fe40 Exception <a 'java/lang/NoSuchMethodError'{0x00000000896dbc30}: 'int java.lang.invoke.DirectMethodHandle$Holder.invokeVirtual(java.lang.Object, java.lang.Object, java.lang.Object)'> (0x00000000896dbc30) 
thrown [s\src\hotspot\share\interpreter\linkResolver.cpp, line 784]
Event: 0.727 Thread 0x00000211e593fe40 Exception <a 'java/lang/NoSuchMethodError'{0x00000000896df2b0}: 'int java.lang.invoke.DirectMethodHandle$Holder.invokeVirtual(java.lang.Object, java.lang.Object)'> (0x00000000896df2b0) 
thrown [s\src\hotspot\share\interpreter\linkResolver.cpp, line 784]
Event: 0.728 Thread 0x00000211e593fe40 Exception <a 'java/lang/NoSuchMethodError'{0x00000000896e3518}: 'int java.lang.invoke.DirectMethodHandle$Holder.invokeStaticInit(java.lang.Object, int, int)'> (0x00000000896e3518) 
thrown [s\src\hotspot\share\interpreter\linkResolver.cpp, line 784]
Event: 0.730 Thread 0x00000211e593fe40 Exception <a 'java/lang/NoSuchMethodError'{0x00000000896ea8d8}: 'int java.lang.invoke.DirectMethodHandle$Holder.invokeStaticInit(java.lang.Object, long, long)'> (0x00000000896ea8d8) 
thrown [s\src\hotspot\share\interpreter\linkResolver.cpp, line 784]
Event: 0.732 Thread 0x00000211e593fe40 Exception <a 'java/lang/NoSuchMethodError'{0x00000000896f11f0}: 'int java.lang.invoke.DirectMethodHandle$Holder.invokeStaticInit(java.lang.Object, float, float)'> (0x00000000896f11f0) 
thrown [s\src\hotspot\share\interpreter\linkResolver.cpp, line 784]
Event: 0.733 Thread 0x00000211e593fe40 Exception <a 'java/lang/NoSuchMethodError'{0x00000000896f7c28}: 'int java.lang.invoke.DirectMethodHandle$Holder.invokeStaticInit(java.lang.Object, double, double)'> (0x00000000896f7c28) 
thrown [s\src\hotspot\share\interpreter\linkResolver.cpp, line 784]
Event: 0.734 Thread 0x00000211e593fe40 Exception <a 'java/lang/NoSuchMethodError'{0x00000000896fc308}: 'int java.lang.invoke.DirectMethodHandle$Holder.invokeStatic(java.lang.Object, long)'> (0x00000000896fc308) 
thrown [s\src\hotspot\share\interpreter\linkResolver.cpp, line 784]
Event: 0.739 Thread 0x00000211e593fe40 Exception <a 'java/lang/NoSuchMethodError'{0x0000000089528948}: 'java.lang.Object java.lang.invoke.DelegatingMethodHandle$Holder.delegate(java.lang.Object, int, java.lang.Object, java.lang.Object)'> (0x0000000089528948) 
thrown [s\src\hotspot\share\interpreter\linkResolver.cpp, line 784]
Event: 0.742 Thread 0x00000211e593fe40 Exception <a 'java/lang/NoSuchMethodError'{0x0000000089537a58}: 'int java.lang.invoke.Invokers$Holder.linkToTargetMethod(java.lang.Object, java.lang.Object, java.lang.Object)'> (0x0000000089537a58) 
thrown [s\src\hotspot\share\interpreter\linkResolver.cpp, line 784]
Event: 0.748 Thread 0x00000211e593fe40 Exception <a 'java/lang/NoSuchMethodError'{0x0000000089569300}: 'long java.lang.invoke.DirectMethodHandle$Holder.invokeSpecial(java.lang.Object, java.lang.Object)'> (0x0000000089569300) 
thrown [s\src\hotspot\share\interpreter\linkResolver.cpp, line 784]
Event: 0.749 Thread 0x00000211e593fe40 Exception <a 'java/lang/NoSuchMethodError'{0x000000008956fa00}: 'int java.lang.invoke.DirectMethodHandle$Holder.invokeStatic(java.lang.Object, java.lang.Object, java.lang.Object, java.lang.Object)'> (0x000000008956fa00) 
thrown [s\src\hotspot\share\interpreter\linkResolver.cpp, line 784]
Event: 0.750 Thread 0x00000211e593fe40 Exception <a 'java/lang/NoSuchMethodError'{0x0000000089572dd0}: 'java.lang.Object java.lang.invoke.Invokers$Holder.invokeExact_MT(java.lang.Object, java.lang.Object, java.lang.Object, java.lang.Object, java.lang.Object, java.lang.Object)'> (0x0000000089572dd0) 
thrown [s\src\hotspot\share\interpreter\linkResolver.cpp, line 784]

ZGC Phase Switch (0 events):
No events

VM Operations (6 events):
Event: 0.262 Executing VM operation: HandshakeAllThreads (Deoptimize)
Event: 0.262 Executing VM operation: HandshakeAllThreads (Deoptimize) done
Event: 0.279 Executing VM operation: HandshakeAllThreads (Deoptimize)
Event: 0.279 Executing VM operation: HandshakeAllThreads (Deoptimize) done
Event: 0.643 Executing VM operation: HandshakeAllThreads (Deoptimize)
Event: 0.643 Executing VM operation: HandshakeAllThreads (Deoptimize) done

Events (15 events):
Event: 0.013 Thread 0x00000211e593fe40 Thread added: 0x00000211e593fe40
Event: 0.163 Thread 0x00000211801ab2f0 Thread added: 0x00000211801ab2f0
Event: 0.163 Thread 0x00000211801b0130 Thread added: 0x00000211801b0130
Event: 0.166 Thread 0x00000211801b8170 Thread added: 0x00000211801b8170
Event: 0.167 Thread 0x00000211801b4110 Thread added: 0x00000211801b4110
Event: 0.167 Thread 0x00000211801b4780 Thread added: 0x00000211801b4780
Event: 0.167 Thread 0x00000211801b51e0 Thread added: 0x00000211801b51e0
Event: 0.167 Thread 0x000002118018f680 Thread added: 0x000002118018f680
Event: 0.167 Thread 0x0000021180190120 Thread added: 0x0000021180190120
Event: 0.217 Thread 0x0000021180364910 Thread added: 0x0000021180364910
Event: 0.225 Thread 0x0000021180385960 Thread added: 0x0000021180385960
Event: 0.235 Loaded shared library C:\Program Files\JetBrains\PyCharm Community Edition 2024.2\jbr\bin\net.dll
Event: 0.238 Loaded shared library C:\Program Files\JetBrains\PyCharm Community Edition 2024.2\jbr\bin\nio.dll
Event: 0.255 Loaded shared library C:\Program Files\JetBrains\PyCharm Community Edition 2024.2\jbr\bin\zip.dll
Event: 0.439 Loaded shared library C:\Program Files\JetBrains\PyCharm Community Edition 2024.2\jbr\bin\jimage.dll


Dynamic libraries:
0x00007ff78e5c0000 - 0x00007ff78e5ca000 	C:\Program Files\JetBrains\PyCharm Community Edition 2024.2\jbr\bin\java.exe
0x00007ffa7bb10000 - 0x00007ffa7bd08000 	C:\WINDOWS\SYSTEM32\ntdll.dll
0x00007ffa7a390000 - 0x00007ffa7a451000 	C:\WINDOWS\System32\KERNEL32.DLL
0x00007ffa795f0000 - 0x00007ffa798ed000 	C:\WINDOWS\System32\KERNELBASE.dll
0x00007ffa794f0000 - 0x00007ffa795f0000 	C:\WINDOWS\System32\ucrtbase.dll
0x00007ffa73f10000 - 0x00007ffa73f2b000 	C:\Program Files\JetBrains\PyCharm Community Edition 2024.2\jbr\bin\VCRUNTIME140.dll
0x00007ffa69ab0000 - 0x00007ffa69ac8000 	C:\Program Files\JetBrains\PyCharm Community Edition 2024.2\jbr\bin\jli.dll
0x00007ffa7a190000 - 0x00007ffa7a32d000 	C:\WINDOWS\System32\USER32.dll
0x00007ffa798f0000 - 0x00007ffa79912000 	C:\WINDOWS\System32\win32u.dll
0x00007ffa667b0000 - 0x00007ffa66a4a000 	C:\WINDOWS\WinSxS\amd64_microsoft.windows.common-controls_6595b64144ccf1df_6.0.19041.4355_none_60b8b9eb71f62e16\COMCTL32.dll
0x00007ffa7a7c0000 - 0x00007ffa7a7eb000 	C:\WINDOWS\System32\GDI32.dll
0x00007ffa7b990000 - 0x00007ffa7ba2e000 	C:\WINDOWS\System32\msvcrt.dll
0x00007ffa79a20000 - 0x00007ffa79b37000 	C:\WINDOWS\System32\gdi32full.dll
0x00007ffa792f0000 - 0x00007ffa7938d000 	C:\WINDOWS\System32\msvcp_win.dll
0x00007ffa7a160000 - 0x00007ffa7a18f000 	C:\WINDOWS\System32\IMM32.DLL
0x00007ffa73f00000 - 0x00007ffa73f0c000 	C:\Program Files\JetBrains\PyCharm Community Edition 2024.2\jbr\bin\vcruntime140_1.dll
0x00007ffa578e0000 - 0x00007ffa5796d000 	C:\Program Files\JetBrains\PyCharm Community Edition 2024.2\jbr\bin\msvcp140.dll
0x00007ffa357b0000 - 0x00007ffa36562000 	C:\Program Files\JetBrains\PyCharm Community Edition 2024.2\jbr\bin\server\jvm.dll
0x00007ffa79c80000 - 0x00007ffa79d30000 	C:\WINDOWS\System32\ADVAPI32.dll
0x00007ffa7afe0000 - 0x00007ffa7b080000 	C:\WINDOWS\System32\sechost.dll
0x00007ffa79f80000 - 0x00007ffa7a0a3000 	C:\WINDOWS\System32\RPCRT4.dll
0x00007ffa79230000 - 0x00007ffa79257000 	C:\WINDOWS\System32\bcrypt.dll
0x00007ffa7a460000 - 0x00007ffa7a4cb000 	C:\WINDOWS\System32\WS2_32.dll
0x00007ffa78b50000 - 0x00007ffa78b9b000 	C:\WINDOWS\SYSTEM32\POWRPROF.dll
0x00007ffa66760000 - 0x00007ffa66787000 	C:\WINDOWS\SYSTEM32\WINMM.dll
0x00007ffa72e60000 - 0x00007ffa72e6a000 	C:\WINDOWS\SYSTEM32\VERSION.dll
0x00007ffa78b30000 - 0x00007ffa78b42000 	C:\WINDOWS\SYSTEM32\UMPDC.dll
0x00007ffa77040000 - 0x00007ffa77052000 	C:\WINDOWS\SYSTEM32\kernel.appcore.dll
0x00007ffa64b10000 - 0x00007ffa64b1a000 	C:\Program Files\JetBrains\PyCharm Community Edition 2024.2\jbr\bin\jimage.dll
0x00007ffa716f0000 - 0x00007ffa718d4000 	C:\WINDOWS\SYSTEM32\DBGHELP.DLL
0x00007ffa719b0000 - 0x00007ffa719e4000 	C:\WINDOWS\SYSTEM32\dbgcore.DLL
0x00007ffa79260000 - 0x00007ffa792e2000 	C:\WINDOWS\System32\bcryptPrimitives.dll
0x00007ffa64af0000 - 0x00007ffa64b0f000 	C:\Program Files\JetBrains\PyCharm Community Edition 2024.2\jbr\bin\java.dll
0x00007ffa64ad0000 - 0x00007ffa64ae8000 	C:\Program Files\JetBrains\PyCharm Community Edition 2024.2\jbr\bin\zip.dll
0x00007ffa7b130000 - 0x00007ffa7b89f000 	C:\WINDOWS\System32\SHELL32.dll
0x00007ffa77240000 - 0x00007ffa779e3000 	C:\WINDOWS\SYSTEM32\windows.storage.dll
0x00007ffa7a7f0000 - 0x00007ffa7ab43000 	C:\WINDOWS\System32\combase.dll
0x00007ffa78bf0000 - 0x00007ffa78c1e000 	C:\WINDOWS\SYSTEM32\Wldp.dll
0x00007ffa79bb0000 - 0x00007ffa79c7d000 	C:\WINDOWS\System32\OLEAUT32.dll
0x00007ffa7b080000 - 0x00007ffa7b12d000 	C:\WINDOWS\System32\SHCORE.dll
0x00007ffa79b50000 - 0x00007ffa79ba5000 	C:\WINDOWS\System32\shlwapi.dll
0x00007ffa790f0000 - 0x00007ffa79114000 	C:\WINDOWS\SYSTEM32\profapi.dll
0x00007ffa64ac0000 - 0x00007ffa64ad0000 	C:\Program Files\JetBrains\PyCharm Community Edition 2024.2\jbr\bin\net.dll
0x00007ffa720b0000 - 0x00007ffa721bd000 	C:\WINDOWS\SYSTEM32\WINHTTP.dll
0x00007ffa788e0000 - 0x00007ffa7894a000 	C:\WINDOWS\system32\mswsock.dll
0x00007ffa48e20000 - 0x00007ffa48e36000 	C:\Program Files\JetBrains\PyCharm Community Edition 2024.2\jbr\bin\nio.dll
0x00007ffa78ad0000 - 0x00007ffa78ae8000 	C:\WINDOWS\SYSTEM32\CRYPTSP.dll
0x00007ffa781a0000 - 0x00007ffa781d4000 	C:\WINDOWS\system32\rsaenh.dll
0x00007ffa79070000 - 0x00007ffa7909e000 	C:\WINDOWS\SYSTEM32\USERENV.dll
0x00007ffa78af0000 - 0x00007ffa78afc000 	C:\WINDOWS\SYSTEM32\CRYPTBASE.dll
0x00007ffa78560000 - 0x00007ffa7859b000 	C:\WINDOWS\SYSTEM32\IPHLPAPI.DLL
0x00007ffa7b980000 - 0x00007ffa7b988000 	C:\WINDOWS\System32\NSI.dll

dbghelp: loaded successfully - version: 4.0.5 - missing functions: none
symbol engine: initialized successfully - sym options: 0x614 - pdb path: .;C:\Program Files\JetBrains\PyCharm Community Edition 2024.2\jbr\bin;C:\WINDOWS\SYSTEM32;C:\WINDOWS\WinSxS\amd64_microsoft.windows.common-controls_6595b64144ccf1df_6.0.19041.4355_none_60b8b9eb71f62e16;C:\Program Files\JetBrains\PyCharm Community Edition 2024.2\jbr\bin\server

VM Arguments:
java_command: git4idea.http.GitAskPassApp Password for 'https://rabiagucluer@github.com': 
java_class_path (initial): C:/Program Files/JetBrains/PyCharm Community Edition 2024.2/plugins/vcs-git/lib/git4idea-rt.jar;C:/Program Files/JetBrains/PyCharm Community Edition 2024.2/lib/externalProcess-rt.jar
Launcher Type: SUN_STANDARD

[Global flags]
     intx CICompilerCount                          = 4                                         {product} {ergonomic}
     uint ConcGCThreads                            = 2                                         {product} {ergonomic}
     uint G1ConcRefinementThreads                  = 8                                         {product} {ergonomic}
   size_t G1HeapRegionSize                         = 1048576                                   {product} {ergonomic}
    uintx GCDrainStackTargetSize                   = 64                                        {product} {ergonomic}
   size_t InitialHeapSize                          = 134217728                                 {product} {ergonomic}
   size_t MarkStackSize                            = 4194304                                   {product} {ergonomic}
   size_t MaxHeapSize                              = 2118123520                                {product} {ergonomic}
   size_t MaxNewSize                               = 1270874112                                {product} {ergonomic}
   size_t MinHeapDeltaBytes                        = 1048576                                   {product} {ergonomic}
   size_t MinHeapSize                              = 8388608                                   {product} {ergonomic}
    uintx NonNMethodCodeHeapSize                   = 5839372                                {pd product} {ergonomic}
    uintx NonProfiledCodeHeapSize                  = 122909434                              {pd product} {ergonomic}
    uintx ProfiledCodeHeapSize                     = 122909434                              {pd product} {ergonomic}
    uintx ReservedCodeCacheSize                    = 251658240                              {pd product} {ergonomic}
     bool SegmentedCodeCache                       = true                                      {product} {ergonomic}
   size_t SoftMaxHeapSize                          = 2118123520                             {manageable} {ergonomic}
     bool UseCompressedOops                        = true                           {product lp64_product} {ergonomic}
     bool UseG1GC                                  = true                                      {product} {ergonomic}
     bool UseLargePagesIndividualAllocation        = false                                  {pd product} {ergonomic}

Logging:
Log output configuration:
 #0: stdout all=warning uptime,level,tags foldmultilines=false
 #1: stderr all=off uptime,level,tags foldmultilines=false

Environment Variables:
PATH=C:/Program Files/Git/mingw64/libexec/git-core;C:/Program Files/Git/mingw64/libexec/git-core;C:\Program Files\Git\mingw64\bin;C:\Program Files\Git\usr\bin;C:\Users\ahmet\bin;C:\Users\ahmet\anaconda3;C:\Users\ahmet\anaconda3\Library\mingw-w64\bin;C:\Users\ahmet\anaconda3\Library\usr\bin;C:\Users\ahmet\anaconda3\Library\bin;C:\Users\ahmet\anaconda3\Scripts;C:\Users\ahmet\anaconda3\bin;C:\Users\ahmet\anaconda3\condabin;C:\Program Files (x86)\Intel\oneAPI\mpi\latest\bin;C:\Program Files (x86)\Intel\oneAPI\mpi\latest\bin\release;C:\Program Files (x86)\Intel\oneAPI\mpi\latest\libfabric\bin;C:\Program Files (x86)\Intel\oneAPI\mpi\latest\libfabric\bin\utils;C:\Program Files (x86)\Intel\oneAPI\tbb\latest\redist\intel64\vc_mt;C:\Program Files (x86)\Intel\oneAPI\tbb\latest\redist\ia32\vc_mt;C:\Program Files (x86)\Intel\oneAPI\compiler\latest\windows\redist\intel64_win\compiler;C:\Program Files (x86)\Intel\oneAPI\compiler\latest\windows\redist\ia32_win\compiler;C:\SIMULIA\Commands;C:\Program Files\Common Files\Oracle\Java\javapath;C:\WINDOWS\system32;C:\WINDOWS;C:\WINDOWS\System32\Wbem;C:\WINDOWS\System32\WindowsPowerShell\v1.0;C:\WINDOWS\System32\OpenSSH;C:\Program Files (x86)\NVIDIA Corporation\PhysX\Common;C:\Program Files\Git\cmd;C:\Users\ahmet\AppData\Local\Microsoft\WindowsApps;C:\Program Files (x86)\Microsoft Visual Studio\2019\Community\VC\Auxiliary\Build;C:\Program Files (x86)\Intel\oneAPI\compiler\2023.0.0\env;.
USERNAME=ahmet
DISPLAY=:0.0
LC_ALL=en_US.UTF-8
TERM=xterm-256color
TMPDIR=C:\Users\ahmet\AppData\Local\Temp
OS=Windows_NT
PROCESSOR_IDENTIFIER=Intel64 Family 6 Model 158 Stepping 9, GenuineIntel
TMP=C:\Users\ahmet\AppData\Local\Temp
TEMP=C:\Users\ahmet\AppData\Local\Temp




Periodic native trim disabled

JNI global refs:
JNI global refs: 19, weak refs: 0

JNI global refs memory usage: 835, weak refs: 201

Process memory usage:
Resident Set Size: 55076K (0% of 8266028K total physical memory with 734960K free physical memory)

OOME stack traces (most recent first):
Classloader memory used:
Loader bootstrap                                                                       : 11769K
Loader jdk.internal.loader.ClassLoaders$PlatformClassLoader                            : 429K
Loader jdk.internal.loader.ClassLoaders$AppClassLoader                                 : 16408B

---------------  S Y S T E M  ---------------

OS:
 Windows 10 , 64 bit Build 19041 (10.0.19041.4842)
OS uptime: 1 days 8:22 hours

CPU: total 8 (initial active 8) (4 cores per cpu, 2 threads per core) family 6 model 158 stepping 9 microcode 0xb4, cx8, cmov, fxsr, ht, mmx, 3dnowpref, sse, sse2, sse3, ssse3, sse4.1, sse4.2, popcnt, lzcnt, tsc, tscinvbit, avx, avx2, aes, erms, clmul, bmi1, bmi2, adx, fma, vzeroupper, clflush, clflushopt, rdtscp, f16c
Processor Information for processor 0
  Max Mhz: 2801, Current Mhz: 2801, Mhz Limit: 2801
Processor Information for processor 1
  Max Mhz: 2801, Current Mhz: 1500, Mhz Limit: 2801
Processor Information for processor 2
  Max Mhz: 2801, Current Mhz: 1500, Mhz Limit: 2801
Processor Information for processor 3
  Max Mhz: 2801, Current Mhz: 1500, Mhz Limit: 2801
Processor Information for processor 4
  Max Mhz: 2801, Current Mhz: 2801, Mhz Limit: 2801
Processor Information for processor 5
  Max Mhz: 2801, Current Mhz: 1500, Mhz Limit: 2801
Processor Information for processor 6
  Max Mhz: 2801, Current Mhz: 2801, Mhz Limit: 2801
Processor Information for processor 7
  Max Mhz: 2801, Current Mhz: 1500, Mhz Limit: 2801

Memory: 4k page, system-wide physical 8072M (717M free)
TotalPageFile size 10120M (AvailPageFile size 4M)
current process WorkingSet (physical memory assigned to process): 53M, peak: 53M
current process commit charge ("private bytes"): 214M, peak: 215M

vm_info: OpenJDK 64-Bit Server VM (21.0.3+13-b509.4) for windows-amd64 JRE (21.0.3+13-b509.4), built on 2024-06-26 by "builduser" with MS VC++ 16.10 / 16.11 (VS2019)

END.
